{"meta": {"format": 3, "version": "7.13.5", "timestamp": "2026-04-21T20:57:24.642318", "branch_coverage": false, "show_contexts": false}, "files": {"game\\__init__.py": {"executed_lines": [], "summary": {"covered_lines": 0, "num_statements": 0, "percent_covered": 100.0, "percent_covered_display": "100", "missing_lines": 0, "excluded_lines": 0, "percent_statements_covered": 100.0, "percent_statements_covered_display": "100"}, "missing_lines": [], "excluded_lines": [], "functions": {"": {"executed_lines": [], "summary": {"covered_lines": 0, "num_statements": 0, "percent_covered": 100.0, "percent_covered_display": "100", "missing_lines": 0, "excluded_lines": 0, "percent_statements_covered": 100.0, "percent_statements_covered_display": "100"}, "missing_lines": [], "excluded_lines": [], "start_line": 1}}, "classes": {"": {"executed_lines": [], "summary": {"covered_lines": 0, "num_statements": 0, "percent_covered": 100.0, "percent_covered_display": "100", "missing_lines": 0, "excluded_lines": 0, "percent_statements_covered": 100.0, "percent_statements_covered_display": "100"}, "missing_lines": [], "excluded_lines": [], "start_line": 1}}}, "game\\admin.py": {"executed_lines": [1, 2, 3, 4, 5, 11, 20, 21, 26, 27, 28, 29, 30, 32, 33, 36, 37, 40, 41, 44, 45, 48, 49, 52, 53, 56, 57, 58, 59, 60, 61, 63, 64, 65, 66, 67, 68, 69, 71, 72, 73, 74, 76, 77, 78, 79, 81, 82, 83, 84, 85, 87, 88, 89, 90, 91, 92, 94, 95, 96, 97, 98, 100, 101, 102, 103, 105, 106, 107, 108, 109, 111, 112, 113, 114, 117, 118, 119, 120, 122, 123, 124, 129, 130, 131, 132, 133, 134, 135, 137, 142, 143, 146, 147, 155, 156, 253, 255, 260, 288, 289, 290, 291, 292, 293, 294, 307, 309, 310, 318, 319, 320, 321, 323, 324, 325, 326, 327, 329, 330, 331, 332, 333, 334, 335, 336, 337, 338, 356, 357, 359, 360, 363, 364, 367, 368, 369, 370, 371, 372, 373, 374, 386, 387, 389, 390, 391, 392, 393, 394, 396, 397, 398, 399, 401, 402, 403, 404, 405, 406, 407, 409, 410, 411, 412, 413, 415, 416, 417, 418, 419, 420, 421, 423, 424, 425, 426, 427, 428, 429, 431, 432, 435, 436, 437, 438, 439, 440, 442, 443, 444, 445, 446, 447, 449, 450, 451, 452, 453, 454, 455, 456, 457, 460, 461, 462, 463, 464, 466, 467, 468, 469, 470, 472, 473, 474, 475, 476, 478, 479, 480, 481, 482, 484, 485, 486, 487, 488], "summary": {"covered_lines": 228, "num_statements": 258, "percent_covered": 88.37209302325581, "percent_covered_display": "88", "missing_lines": 30, "excluded_lines": 0, "percent_statements_covered": 88.37209302325581, "percent_statements_covered_display": "88"}, "missing_lines": [22, 23, 34, 38, 42, 46, 50, 54, 138, 144, 148, 149, 150, 256, 257, 258, 261, 262, 263, 278, 285, 311, 312, 313, 314, 315, 316, 361, 365, 433], "excluded_lines": [], "functions": {"close_combat_states": {"executed_lines": [], "summary": {"covered_lines": 0, "num_statements": 2, "percent_covered": 0.0, "percent_covered_display": "0", "missing_lines": 2, "excluded_lines": 0, "percent_statements_covered": 0.0, "percent_statements_covered_display": "0"}, "missing_lines": [22, 23], "excluded_lines": [], "start_line": 21}, "RequirementInline.condition_type": {"executed_lines": [], "summary": {"covered_lines": 0, "num_statements": 1, "percent_covered": 0.0, "percent_covered_display": "0", "missing_lines": 1, "excluded_lines": 0, "percent_statements_covered": 0.0, "percent_statements_covered_display": "0"}, "missing_lines": [34], "excluded_lines": [], "start_line": 33}, "RequirementInline.stat_name": {"executed_lines": [], "summary": {"covered_lines": 0, "num_statements": 1, "percent_covered": 0.0, "percent_covered_display": "0", "missing_lines": 1, "excluded_lines": 0, "percent_statements_covered": 0.0, "percent_statements_covered_display": "0"}, "missing_lines": [38], "excluded_lines": [], "start_line": 37}, "RequirementInline.stat_value": {"executed_lines": [], "summary": {"covered_lines": 0, "num_statements": 1, "percent_covered": 0.0, "percent_covered_display": "0", "missing_lines": 1, "excluded_lines": 0, "percent_statements_covered": 0.0, "percent_statements_covered_display": "0"}, "missing_lines": [42], "excluded_lines": [], "start_line": 41}, "RequirementInline.required_item": {"executed_lines": [], "summary": {"covered_lines": 0, "num_statements": 1, "percent_covered": 0.0, "percent_covered_display": "0", "missing_lines": 1, "excluded_lines": 0, "percent_statements_covered": 0.0, "percent_statements_covered_display": "0"}, "missing_lines": [46], "excluded_lines": [], "start_line": 45}, "RequirementInline.required_quest": {"executed_lines": [], "summary": {"covered_lines": 0, "num_statements": 1, "percent_covered": 0.0, "percent_covered_display": "0", "missing_lines": 1, "excluded_lines": 0, "percent_statements_covered": 0.0, "percent_statements_covered_display": "0"}, "missing_lines": [50], "excluded_lines": [], "start_line": 49}, "RequirementInline.required_contact": {"executed_lines": [], "summary": {"covered_lines": 0, "num_statements": 1, "percent_covered": 0.0, "percent_covered_display": "0", "missing_lines": 1, "excluded_lines": 0, "percent_statements_covered": 0.0, "percent_statements_covered_display": "0"}, "missing_lines": [54], "excluded_lines": [], "start_line": 53}, "QuestAdmin.get_queryset": {"executed_lines": [], "summary": {"covered_lines": 0, "num_statements": 1, "percent_covered": 0.0, "percent_covered_display": "0", "missing_lines": 1, "excluded_lines": 0, "percent_statements_covered": 0.0, "percent_statements_covered_display": "0"}, "missing_lines": [138], "excluded_lines": [], "start_line": 137}, "QuestAdmin.scene_count": {"executed_lines": [], "summary": {"covered_lines": 0, "num_statements": 1, "percent_covered": 0.0, "percent_covered_display": "0", "missing_lines": 1, "excluded_lines": 0, "percent_statements_covered": 0.0, "percent_statements_covered_display": "0"}, "missing_lines": [144], "excluded_lines": [], "start_line": 143}, "QuestAdmin.view_builder_link": {"executed_lines": [], "summary": {"covered_lines": 0, "num_statements": 3, "percent_covered": 0.0, "percent_covered_display": "0", "missing_lines": 3, "excluded_lines": 0, "percent_statements_covered": 0.0, "percent_statements_covered_display": "0"}, "missing_lines": [148, 149, 150], "excluded_lines": [], "start_line": 147}, "QuestAdmin.get_urls": {"executed_lines": [156, 253], "summary": {"covered_lines": 2, "num_statements": 2, "percent_covered": 100.0, "percent_covered_display": "100", "missing_lines": 0, "excluded_lines": 0, "percent_statements_covered": 100.0, "percent_statements_covered_display": "100"}, "missing_lines": [], "excluded_lines": [], "start_line": 155}, "QuestAdmin.changelist_view": {"executed_lines": [], "summary": {"covered_lines": 0, "num_statements": 3, "percent_covered": 0.0, "percent_covered_display": "0", "missing_lines": 3, "excluded_lines": 0, "percent_statements_covered": 0.0, "percent_statements_covered_display": "0"}, "missing_lines": [256, 257, 258], "excluded_lines": [], "start_line": 255}, "QuestAdmin.graph_view": {"executed_lines": [], "summary": {"covered_lines": 0, "num_statements": 5, "percent_covered": 0.0, "percent_covered_display": "0", "missing_lines": 5, "excluded_lines": 0, "percent_statements_covered": 0.0, "percent_statements_covered_display": "0"}, "missing_lines": [261, 262, 263, 278, 285], "excluded_lines": [], "start_line": 260}, "ItemAdmin.effect_summary": {"executed_lines": [], "summary": {"covered_lines": 0, "num_statements": 6, "percent_covered": 0.0, "percent_covered_display": "0", "missing_lines": 6, "excluded_lines": 0, "percent_statements_covered": 0.0, "percent_statements_covered_display": "0"}, "missing_lines": [311, 312, 313, 314, 315, 316], "excluded_lines": [], "start_line": 310}, "SceneAdmin.body_preview": {"executed_lines": [], "summary": {"covered_lines": 0, "num_statements": 1, "percent_covered": 0.0, "percent_covered_display": "0", "missing_lines": 1, "excluded_lines": 0, "percent_statements_covered": 0.0, "percent_statements_covered_display": "0"}, "missing_lines": [361], "excluded_lines": [], "start_line": 360}, "SceneAdmin.key_format_note": {"executed_lines": [], "summary": {"covered_lines": 0, "num_statements": 1, "percent_covered": 0.0, "percent_covered_display": "0", "missing_lines": 1, "excluded_lines": 0, "percent_statements_covered": 0.0, "percent_statements_covered_display": "0"}, "missing_lines": [365], "excluded_lines": [], "start_line": 364}, "EnemyAdmin.damage_range": {"executed_lines": [], "summary": {"covered_lines": 0, "num_statements": 1, "percent_covered": 0.0, "percent_covered_display": "0", "missing_lines": 1, "excluded_lines": 0, "percent_statements_covered": 0.0, "percent_statements_covered_display": "0"}, "missing_lines": [433], "excluded_lines": [], "start_line": 432}, "": {"executed_lines": [1, 2, 3, 4, 5, 11, 20, 21, 26, 27, 28, 29, 30, 32, 33, 36, 37, 40, 41, 44, 45, 48, 49, 52, 53, 56, 57, 58, 59, 60, 61, 63, 64, 65, 66, 67, 68, 69, 71, 72, 73, 74, 76, 77, 78, 79, 81, 82, 83, 84, 85, 87, 88, 89, 90, 91, 92, 94, 95, 96, 97, 98, 100, 101, 102, 103, 105, 106, 107, 108, 109, 111, 112, 113, 114, 117, 118, 119, 120, 122, 123, 124, 129, 130, 131, 132, 133, 134, 135, 137, 142, 143, 146, 147, 155, 255, 260, 288, 289, 290, 291, 292, 293, 294, 307, 309, 310, 318, 319, 320, 321, 323, 324, 325, 326, 327, 329, 330, 331, 332, 333, 334, 335, 336, 337, 338, 356, 357, 359, 360, 363, 364, 367, 368, 369, 370, 371, 372, 373, 374, 386, 387, 389, 390, 391, 392, 393, 394, 396, 397, 398, 399, 401, 402, 403, 404, 405, 406, 407, 409, 410, 411, 412, 413, 415, 416, 417, 418, 419, 420, 421, 423, 424, 425, 426, 427, 428, 429, 431, 432, 435, 436, 437, 438, 439, 440, 442, 443, 444, 445, 446, 447, 449, 450, 451, 452, 453, 454, 455, 456, 457, 460, 461, 462, 463, 464, 466, 467, 468, 469, 470, 472, 473, 474, 475, 476, 478, 479, 480, 481, 482, 484, 485, 486, 487, 488], "summary": {"covered_lines": 226, "num_statements": 226, "percent_covered": 100.0, "percent_covered_display": "100", "missing_lines": 0, "excluded_lines": 0, "percent_statements_covered": 100.0, "percent_statements_covered_display": "100"}, "missing_lines": [], "excluded_lines": [], "start_line": 1}}, "classes": {"RequirementInline": {"executed_lines": [], "summary": {"covered_lines": 0, "num_statements": 6, "percent_covered": 0.0, "percent_covered_display": "0", "missing_lines": 6, "excluded_lines": 0, "percent_statements_covered": 0.0, "percent_statements_covered_display": "0"}, "missing_lines": [34, 38, 42, 46, 50, 54], "excluded_lines": [], "start_line": 26}, "ChoiceRequirementGroupInline": {"executed_lines": [], "summary": {"covered_lines": 0, "num_statements": 0, "percent_covered": 100.0, "percent_covered_display": "100", "missing_lines": 0, "excluded_lines": 0, "percent_statements_covered": 100.0, "percent_statements_covered_display": "100"}, "missing_lines": [], "excluded_lines": [], "start_line": 56}, "ChoiceInline": {"executed_lines": [], "summary": {"covered_lines": 0, "num_statements": 0, "percent_covered": 100.0, "percent_covered_display": "100", "missing_lines": 0, "excluded_lines": 0, "percent_statements_covered": 100.0, "percent_statements_covered_display": "100"}, "missing_lines": [], "excluded_lines": [], "start_line": 63}, "SceneItemInline": {"executed_lines": [], "summary": {"covered_lines": 0, "num_statements": 0, "percent_covered": 100.0, "percent_covered_display": "100", "missing_lines": 0, "excluded_lines": 0, "percent_statements_covered": 100.0, "percent_statements_covered_display": "100"}, "missing_lines": [], "excluded_lines": [], "start_line": 71}, "SceneContactInline": {"executed_lines": [], "summary": {"covered_lines": 0, "num_statements": 0, "percent_covered": 100.0, "percent_covered_display": "100", "missing_lines": 0, "excluded_lines": 0, "percent_statements_covered": 100.0, "percent_statements_covered_display": "100"}, "missing_lines": [], "excluded_lines": [], "start_line": 76}, "CombatEncounterInline": {"executed_lines": [], "summary": {"covered_lines": 0, "num_statements": 0, "percent_covered": 100.0, "percent_covered_display": "100", "missing_lines": 0, "excluded_lines": 0, "percent_statements_covered": 100.0, "percent_statements_covered_display": "100"}, "missing_lines": [], "excluded_lines": [], "start_line": 81}, "PlayerStatsInline": {"executed_lines": [], "summary": {"covered_lines": 0, "num_statements": 0, "percent_covered": 100.0, "percent_covered_display": "100", "missing_lines": 0, "excluded_lines": 0, "percent_statements_covered": 100.0, "percent_statements_covered_display": "100"}, "missing_lines": [], "excluded_lines": [], "start_line": 87}, "PlayerInventoryInline": {"executed_lines": [], "summary": {"covered_lines": 0, "num_statements": 0, "percent_covered": 100.0, "percent_covered_display": "100", "missing_lines": 0, "excluded_lines": 0, "percent_statements_covered": 100.0, "percent_statements_covered_display": "100"}, "missing_lines": [], "excluded_lines": [], "start_line": 94}, "PlayerPropertyInline": {"executed_lines": [], "summary": {"covered_lines": 0, "num_statements": 0, "percent_covered": 100.0, "percent_covered_display": "100", "missing_lines": 0, "excluded_lines": 0, "percent_statements_covered": 100.0, "percent_statements_covered_display": "100"}, "missing_lines": [], "excluded_lines": [], "start_line": 100}, "PlayerContactInline": {"executed_lines": [], "summary": {"covered_lines": 0, "num_statements": 0, "percent_covered": 100.0, "percent_covered_display": "100", "missing_lines": 0, "excluded_lines": 0, "percent_statements_covered": 100.0, "percent_statements_covered_display": "100"}, "missing_lines": [], "excluded_lines": [], "start_line": 105}, "PlayerGangStandingInline": {"executed_lines": [], "summary": {"covered_lines": 0, "num_statements": 0, "percent_covered": 100.0, "percent_covered_display": "100", "missing_lines": 0, "excluded_lines": 0, "percent_statements_covered": 100.0, "percent_statements_covered_display": "100"}, "missing_lines": [], "excluded_lines": [], "start_line": 111}, "ArcAdmin": {"executed_lines": [], "summary": {"covered_lines": 0, "num_statements": 0, "percent_covered": 100.0, "percent_covered_display": "100", "missing_lines": 0, "excluded_lines": 0, "percent_statements_covered": 100.0, "percent_statements_covered_display": "100"}, "missing_lines": [], "excluded_lines": [], "start_line": 118}, "QuestAdmin": {"executed_lines": [156, 253], "summary": {"covered_lines": 2, "num_statements": 15, "percent_covered": 13.333333333333334, "percent_covered_display": "13", "missing_lines": 13, "excluded_lines": 0, "percent_statements_covered": 13.333333333333334, "percent_statements_covered_display": "13"}, "missing_lines": [138, 144, 148, 149, 150, 256, 257, 258, 261, 262, 263, 278, 285], "excluded_lines": [], "start_line": 123}, "ItemAdmin": {"executed_lines": [], "summary": {"covered_lines": 0, "num_statements": 6, "percent_covered": 0.0, "percent_covered_display": "0", "missing_lines": 6, "excluded_lines": 0, "percent_statements_covered": 0.0, "percent_statements_covered_display": "0"}, "missing_lines": [311, 312, 313, 314, 315, 316], "excluded_lines": [], "start_line": 289}, "RequirementAdmin": {"executed_lines": [], "summary": {"covered_lines": 0, "num_statements": 0, "percent_covered": 100.0, "percent_covered_display": "100", "missing_lines": 0, "excluded_lines": 0, "percent_statements_covered": 100.0, "percent_statements_covered_display": "100"}, "missing_lines": [], "excluded_lines": [], "start_line": 319}, "RequirementGroupAdmin": {"executed_lines": [], "summary": {"covered_lines": 0, "num_statements": 0, "percent_covered": 100.0, "percent_covered_display": "100", "missing_lines": 0, "excluded_lines": 0, "percent_statements_covered": 100.0, "percent_statements_covered_display": "100"}, "missing_lines": [], "excluded_lines": [], "start_line": 324}, "SceneAdmin": {"executed_lines": [], "summary": {"covered_lines": 0, "num_statements": 2, "percent_covered": 0.0, "percent_covered_display": "0", "missing_lines": 2, "excluded_lines": 0, "percent_statements_covered": 0.0, "percent_statements_covered_display": "0"}, "missing_lines": [361, 365], "excluded_lines": [], "start_line": 330}, "ChoiceAdmin": {"executed_lines": [], "summary": {"covered_lines": 0, "num_statements": 0, "percent_covered": 100.0, "percent_covered_display": "100", "missing_lines": 0, "excluded_lines": 0, "percent_statements_covered": 100.0, "percent_statements_covered_display": "100"}, "missing_lines": [], "excluded_lines": [], "start_line": 368}, "GameSessionAdmin": {"executed_lines": [], "summary": {"covered_lines": 0, "num_statements": 0, "percent_covered": 100.0, "percent_covered_display": "100", "missing_lines": 0, "excluded_lines": 0, "percent_statements_covered": 100.0, "percent_statements_covered_display": "100"}, "missing_lines": [], "excluded_lines": [], "start_line": 390}, "PlayerStatsAdmin": {"executed_lines": [], "summary": {"covered_lines": 0, "num_statements": 0, "percent_covered": 100.0, "percent_covered_display": "100", "missing_lines": 0, "excluded_lines": 0, "percent_statements_covered": 100.0, "percent_statements_covered_display": "100"}, "missing_lines": [], "excluded_lines": [], "start_line": 397}, "PlayerInventoryAdmin": {"executed_lines": [], "summary": {"covered_lines": 0, "num_statements": 0, "percent_covered": 100.0, "percent_covered_display": "100", "missing_lines": 0, "excluded_lines": 0, "percent_statements_covered": 100.0, "percent_statements_covered_display": "100"}, "missing_lines": [], "excluded_lines": [], "start_line": 402}, "SceneItemAdmin": {"executed_lines": [], "summary": {"covered_lines": 0, "num_statements": 0, "percent_covered": 100.0, "percent_covered_display": "100", "missing_lines": 0, "excluded_lines": 0, "percent_statements_covered": 100.0, "percent_statements_covered_display": "100"}, "missing_lines": [], "excluded_lines": [], "start_line": 410}, "CompletedQuestAdmin": {"executed_lines": [], "summary": {"covered_lines": 0, "num_statements": 0, "percent_covered": 100.0, "percent_covered_display": "100", "missing_lines": 0, "excluded_lines": 0, "percent_statements_covered": 100.0, "percent_statements_covered_display": "100"}, "missing_lines": [], "excluded_lines": [], "start_line": 416}, "EnemyAdmin": {"executed_lines": [], "summary": {"covered_lines": 0, "num_statements": 1, "percent_covered": 0.0, "percent_covered_display": "0", "missing_lines": 1, "excluded_lines": 0, "percent_statements_covered": 0.0, "percent_statements_covered_display": "0"}, "missing_lines": [433], "excluded_lines": [], "start_line": 424}, "CombatEncounterAdmin": {"executed_lines": [], "summary": {"covered_lines": 0, "num_statements": 0, "percent_covered": 100.0, "percent_covered_display": "100", "missing_lines": 0, "excluded_lines": 0, "percent_statements_covered": 100.0, "percent_statements_covered_display": "100"}, "missing_lines": [], "excluded_lines": [], "start_line": 436}, "CombatStateAdmin": {"executed_lines": [], "summary": {"covered_lines": 0, "num_statements": 0, "percent_covered": 100.0, "percent_covered_display": "100", "missing_lines": 0, "excluded_lines": 0, "percent_statements_covered": 100.0, "percent_statements_covered_display": "100"}, "missing_lines": [], "excluded_lines": [], "start_line": 443}, "EventLogAdmin": {"executed_lines": [], "summary": {"covered_lines": 0, "num_statements": 0, "percent_covered": 100.0, "percent_covered_display": "100", "missing_lines": 0, "excluded_lines": 0, "percent_statements_covered": 100.0, "percent_statements_covered_display": "100"}, "missing_lines": [], "excluded_lines": [], "start_line": 450}, "PropertyAdmin": {"executed_lines": [], "summary": {"covered_lines": 0, "num_statements": 0, "percent_covered": 100.0, "percent_covered_display": "100", "missing_lines": 0, "excluded_lines": 0, "percent_statements_covered": 100.0, "percent_statements_covered_display": "100"}, "missing_lines": [], "excluded_lines": [], "start_line": 461}, "PlayerPropertyAdmin": {"executed_lines": [], "summary": {"covered_lines": 0, "num_statements": 0, "percent_covered": 100.0, "percent_covered_display": "100", "missing_lines": 0, "excluded_lines": 0, "percent_statements_covered": 100.0, "percent_statements_covered_display": "100"}, "missing_lines": [], "excluded_lines": [], "start_line": 467}, "RivalClaimAdmin": {"executed_lines": [], "summary": {"covered_lines": 0, "num_statements": 0, "percent_covered": 100.0, "percent_covered_display": "100", "missing_lines": 0, "excluded_lines": 0, "percent_statements_covered": 100.0, "percent_statements_covered_display": "100"}, "missing_lines": [], "excluded_lines": [], "start_line": 473}, "GangAdmin": {"executed_lines": [], "summary": {"covered_lines": 0, "num_statements": 0, "percent_covered": 100.0, "percent_covered_display": "100", "missing_lines": 0, "excluded_lines": 0, "percent_statements_covered": 100.0, "percent_statements_covered_display": "100"}, "missing_lines": [], "excluded_lines": [], "start_line": 479}, "ContactAdmin": {"executed_lines": [], "summary": {"covered_lines": 0, "num_statements": 0, "percent_covered": 100.0, "percent_covered_display": "100", "missing_lines": 0, "excluded_lines": 0, "percent_statements_covered": 100.0, "percent_statements_covered_display": "100"}, "missing_lines": [], "excluded_lines": [], "start_line": 485}, "": {"executed_lines": [1, 2, 3, 4, 5, 11, 20, 21, 26, 27, 28, 29, 30, 32, 33, 36, 37, 40, 41, 44, 45, 48, 49, 52, 53, 56, 57, 58, 59, 60, 61, 63, 64, 65, 66, 67, 68, 69, 71, 72, 73, 74, 76, 77, 78, 79, 81, 82, 83, 84, 85, 87, 88, 89, 90, 91, 92, 94, 95, 96, 97, 98, 100, 101, 102, 103, 105, 106, 107, 108, 109, 111, 112, 113, 114, 117, 118, 119, 120, 122, 123, 124, 129, 130, 131, 132, 133, 134, 135, 137, 142, 143, 146, 147, 155, 255, 260, 288, 289, 290, 291, 292, 293, 294, 307, 309, 310, 318, 319, 320, 321, 323, 324, 325, 326, 327, 329, 330, 331, 332, 333, 334, 335, 336, 337, 338, 356, 357, 359, 360, 363, 364, 367, 368, 369, 370, 371, 372, 373, 374, 386, 387, 389, 390, 391, 392, 393, 394, 396, 397, 398, 399, 401, 402, 403, 404, 405, 406, 407, 409, 410, 411, 412, 413, 415, 416, 417, 418, 419, 420, 421, 423, 424, 425, 426, 427, 428, 429, 431, 432, 435, 436, 437, 438, 439, 440, 442, 443, 444, 445, 446, 447, 449, 450, 451, 452, 453, 454, 455, 456, 457, 460, 461, 462, 463, 464, 466, 467, 468, 469, 470, 472, 473, 474, 475, 476, 478, 479, 480, 481, 482, 484, 485, 486, 487, 488], "summary": {"covered_lines": 226, "num_statements": 228, "percent_covered": 99.12280701754386, "percent_covered_display": "99", "missing_lines": 2, "excluded_lines": 0, "percent_statements_covered": 99.12280701754386, "percent_statements_covered_display": "99"}, "missing_lines": [22, 23], "excluded_lines": [], "start_line": 1}}}, "game\\apps.py": {"executed_lines": [1, 4, 5], "summary": {"covered_lines": 3, "num_statements": 3, "percent_covered": 100.0, "percent_covered_display": "100", "missing_lines": 0, "excluded_lines": 0, "percent_statements_covered": 100.0, "percent_statements_covered_display": "100"}, "missing_lines": [], "excluded_lines": [], "functions": {"": {"executed_lines": [1, 4, 5], "summary": {"covered_lines": 3, "num_statements": 3, "percent_covered": 100.0, "percent_covered_display": "100", "missing_lines": 0, "excluded_lines": 0, "percent_statements_covered": 100.0, "percent_statements_covered_display": "100"}, "missing_lines": [], "excluded_lines": [], "start_line": 1}}, "classes": {"GameConfig": {"executed_lines": [], "summary": {"covered_lines": 0, "num_statements": 0, "percent_covered": 100.0, "percent_covered_display": "100", "missing_lines": 0, "excluded_lines": 0, "percent_statements_covered": 100.0, "percent_statements_covered_display": "100"}, "missing_lines": [], "excluded_lines": [], "start_line": 4}, "": {"executed_lines": [1, 4, 5], "summary": {"covered_lines": 3, "num_statements": 3, "percent_covered": 100.0, "percent_covered_display": "100", "missing_lines": 0, "excluded_lines": 0, "percent_statements_covered": 100.0, "percent_statements_covered_display": "100"}, "missing_lines": [], "excluded_lines": [], "start_line": 1}}}, "game\\constants.py": {"executed_lines": [1, 2, 4, 11], "summary": {"covered_lines": 4, "num_statements": 4, "percent_covered": 100.0, "percent_covered_display": "100", "missing_lines": 0, "excluded_lines": 0, "percent_statements_covered": 100.0, "percent_statements_covered_display": "100"}, "missing_lines": [], "excluded_lines": [], "functions": {"": {"executed_lines": [1, 2, 4, 11], "summary": {"covered_lines": 4, "num_statements": 4, "percent_covered": 100.0, "percent_covered_display": "100", "missing_lines": 0, "excluded_lines": 0, "percent_statements_covered": 100.0, "percent_statements_covered_display": "100"}, "missing_lines": [], "excluded_lines": [], "start_line": 1}}, "classes": {"": {"executed_lines": [1, 2, 4, 11], "summary": {"covered_lines": 4, "num_statements": 4, "percent_covered": 100.0, "percent_covered_display": "100", "missing_lines": 0, "excluded_lines": 0, "percent_statements_covered": 100.0, "percent_statements_covered_display": "100"}, "missing_lines": [], "excluded_lines": [], "start_line": 1}}}, "game\\models\\__init__.py": {"executed_lines": [1, 2, 3, 4, 5, 6, 7], "summary": {"covered_lines": 7, "num_statements": 7, "percent_covered": 100.0, "percent_covered_display": "100", "missing_lines": 0, "excluded_lines": 0, "percent_statements_covered": 100.0, "percent_statements_covered_display": "100"}, "missing_lines": [], "excluded_lines": [], "functions": {"": {"executed_lines": [1, 2, 3, 4, 5, 6, 7], "summary": {"covered_lines": 7, "num_statements": 7, "percent_covered": 100.0, "percent_covered_display": "100", "missing_lines": 0, "excluded_lines": 0, "percent_statements_covered": 100.0, "percent_statements_covered_display": "100"}, "missing_lines": [], "excluded_lines": [], "start_line": 1}}, "classes": {"": {"executed_lines": [1, 2, 3, 4, 5, 6, 7], "summary": {"covered_lines": 7, "num_statements": 7, "percent_covered": 100.0, "percent_covered_display": "100", "missing_lines": 0, "excluded_lines": 0, "percent_statements_covered": 100.0, "percent_statements_covered_display": "100"}, "missing_lines": [], "excluded_lines": [], "start_line": 1}}}, "game\\models\\combat.py": {"executed_lines": [1, 2, 3, 5, 6, 7, 8, 9, 10, 11, 12, 13, 14, 18, 19, 24, 29, 35, 41, 42, 44, 48, 49, 54, 55, 56, 57, 58, 59, 60, 61, 62, 64, 65, 66, 68], "summary": {"covered_lines": 36, "num_statements": 39, "percent_covered": 92.3076923076923, "percent_covered_display": "92", "missing_lines": 3, "excluded_lines": 0, "percent_statements_covered": 92.3076923076923, "percent_statements_covered_display": "92"}, "missing_lines": [15, 45, 69], "excluded_lines": [], "functions": {"Enemy.__str__": {"executed_lines": [], "summary": {"covered_lines": 0, "num_statements": 1, "percent_covered": 0.0, "percent_covered_display": "0", "missing_lines": 1, "excluded_lines": 0, "percent_statements_covered": 0.0, "percent_statements_covered_display": "0"}, "missing_lines": [15], "excluded_lines": [], "start_line": 14}, "CombatEncounter.__str__": {"executed_lines": [], "summary": {"covered_lines": 0, "num_statements": 1, "percent_covered": 0.0, "percent_covered_display": "0", "missing_lines": 1, "excluded_lines": 0, "percent_statements_covered": 0.0, "percent_statements_covered_display": "0"}, "missing_lines": [45], "excluded_lines": [], "start_line": 44}, "CombatState.enemy_attack_pending": {"executed_lines": [66], "summary": {"covered_lines": 1, "num_statements": 1, "percent_covered": 100.0, "percent_covered_display": "100", "missing_lines": 0, "excluded_lines": 0, "percent_statements_covered": 100.0, "percent_statements_covered_display": "100"}, "missing_lines": [], "excluded_lines": [], "start_line": 65}, "CombatState.__str__": {"executed_lines": [], "summary": {"covered_lines": 0, "num_statements": 1, "percent_covered": 0.0, "percent_covered_display": "0", "missing_lines": 1, "excluded_lines": 0, "percent_statements_covered": 0.0, "percent_statements_covered_display": "0"}, "missing_lines": [69], "excluded_lines": [], "start_line": 68}, "": {"executed_lines": [1, 2, 3, 5, 6, 7, 8, 9, 10, 11, 12, 13, 14, 18, 19, 24, 29, 35, 41, 42, 44, 48, 49, 54, 55, 56, 57, 58, 59, 60, 61, 62, 64, 65, 68], "summary": {"covered_lines": 35, "num_statements": 35, "percent_covered": 100.0, "percent_covered_display": "100", "missing_lines": 0, "excluded_lines": 0, "percent_statements_covered": 100.0, "percent_statements_covered_display": "100"}, "missing_lines": [], "excluded_lines": [], "start_line": 1}}, "classes": {"Enemy": {"executed_lines": [], "summary": {"covered_lines": 0, "num_statements": 1, "percent_covered": 0.0, "percent_covered_display": "0", "missing_lines": 1, "excluded_lines": 0, "percent_statements_covered": 0.0, "percent_statements_covered_display": "0"}, "missing_lines": [15], "excluded_lines": [], "start_line": 5}, "CombatEncounter": {"executed_lines": [], "summary": {"covered_lines": 0, "num_statements": 1, "percent_covered": 0.0, "percent_covered_display": "0", "missing_lines": 1, "excluded_lines": 0, "percent_statements_covered": 0.0, "percent_statements_covered_display": "0"}, "missing_lines": [45], "excluded_lines": [], "start_line": 18}, "CombatState": {"executed_lines": [66], "summary": {"covered_lines": 1, "num_statements": 2, "percent_covered": 50.0, "percent_covered_display": "50", "missing_lines": 1, "excluded_lines": 0, "percent_statements_covered": 50.0, "percent_statements_covered_display": "50"}, "missing_lines": [69], "excluded_lines": [], "start_line": 48}, "": {"executed_lines": [1, 2, 3, 5, 6, 7, 8, 9, 10, 11, 12, 13, 14, 18, 19, 24, 29, 35, 41, 42, 44, 48, 49, 54, 55, 56, 57, 58, 59, 60, 61, 62, 64, 65, 68], "summary": {"covered_lines": 35, "num_statements": 35, "percent_covered": 100.0, "percent_covered_display": "100", "missing_lines": 0, "excluded_lines": 0, "percent_statements_covered": 100.0, "percent_statements_covered_display": "100"}, "missing_lines": [], "excluded_lines": [], "start_line": 1}}}, "game\\models\\events.py": {"executed_lines": [1, 2, 5, 8, 9, 10, 13, 14, 15, 16, 19, 22, 23, 29, 33, 34, 39, 40, 42, 43, 45], "summary": {"covered_lines": 21, "num_statements": 23, "percent_covered": 91.30434782608695, "percent_covered_display": "91", "missing_lines": 2, "excluded_lines": 0, "percent_statements_covered": 91.30434782608695, "percent_statements_covered_display": "91"}, "missing_lines": [30, 46], "excluded_lines": [], "functions": {"log_event": {"executed_lines": [9, 10], "summary": {"covered_lines": 2, "num_statements": 2, "percent_covered": 100.0, "percent_covered_display": "100", "missing_lines": 0, "excluded_lines": 0, "percent_statements_covered": 100.0, "percent_statements_covered_display": "100"}, "missing_lines": [], "excluded_lines": [], "start_line": 8}, "flush_event_log": {"executed_lines": [14, 15, 16, 19], "summary": {"covered_lines": 4, "num_statements": 4, "percent_covered": 100.0, "percent_covered_display": "100", "missing_lines": 0, "excluded_lines": 0, "percent_statements_covered": 100.0, "percent_statements_covered_display": "100"}, "missing_lines": [], "excluded_lines": [], "start_line": 13}, "_trim_overflow": {"executed_lines": [23, 29], "summary": {"covered_lines": 2, "num_statements": 3, "percent_covered": 66.66666666666667, "percent_covered_display": "67", "missing_lines": 1, "excluded_lines": 0, "percent_statements_covered": 66.66666666666667, "percent_statements_covered_display": "67"}, "missing_lines": [30], "excluded_lines": [], "start_line": 22}, "EventLog.__str__": {"executed_lines": [], "summary": {"covered_lines": 0, "num_statements": 1, "percent_covered": 0.0, "percent_covered_display": "0", "missing_lines": 1, "excluded_lines": 0, "percent_statements_covered": 0.0, "percent_statements_covered_display": "0"}, "missing_lines": [46], "excluded_lines": [], "start_line": 45}, "": {"executed_lines": [1, 2, 5, 8, 13, 22, 33, 34, 39, 40, 42, 43, 45], "summary": {"covered_lines": 13, "num_statements": 13, "percent_covered": 100.0, "percent_covered_display": "100", "missing_lines": 0, "excluded_lines": 0, "percent_statements_covered": 100.0, "percent_statements_covered_display": "100"}, "missing_lines": [], "excluded_lines": [], "start_line": 1}}, "classes": {"EventLog": {"executed_lines": [], "summary": {"covered_lines": 0, "num_statements": 1, "percent_covered": 0.0, "percent_covered_display": "0", "missing_lines": 1, "excluded_lines": 0, "percent_statements_covered": 0.0, "percent_statements_covered_display": "0"}, "missing_lines": [46], "excluded_lines": [], "start_line": 33}, "EventLog.Meta": {"executed_lines": [], "summary": {"covered_lines": 0, "num_statements": 0, "percent_covered": 100.0, "percent_covered_display": "100", "missing_lines": 0, "excluded_lines": 0, "percent_statements_covered": 100.0, "percent_statements_covered_display": "100"}, "missing_lines": [], "excluded_lines": [], "start_line": 42}, "": {"executed_lines": [1, 2, 5, 8, 9, 10, 13, 14, 15, 16, 19, 22, 23, 29, 33, 34, 39, 40, 42, 43, 45], "summary": {"covered_lines": 21, "num_statements": 22, "percent_covered": 95.45454545454545, "percent_covered_display": "95", "missing_lines": 1, "excluded_lines": 0, "percent_statements_covered": 95.45454545454545, "percent_statements_covered_display": "95"}, "missing_lines": [30], "excluded_lines": [], "start_line": 1}}}, "game\\models\\items.py": {"executed_lines": [1, 3, 4, 9, 10, 11, 12, 14, 19, 21, 23, 25, 27], "summary": {"covered_lines": 13, "num_statements": 14, "percent_covered": 92.85714285714286, "percent_covered_display": "93", "missing_lines": 1, "excluded_lines": 0, "percent_statements_covered": 92.85714285714286, "percent_statements_covered_display": "93"}, "missing_lines": [28], "excluded_lines": [], "functions": {"Item.__str__": {"executed_lines": [], "summary": {"covered_lines": 0, "num_statements": 1, "percent_covered": 0.0, "percent_covered_display": "0", "missing_lines": 1, "excluded_lines": 0, "percent_statements_covered": 0.0, "percent_statements_covered_display": "0"}, "missing_lines": [28], "excluded_lines": [], "start_line": 27}, "": {"executed_lines": [1, 3, 4, 9, 10, 11, 12, 14, 19, 21, 23, 25, 27], "summary": {"covered_lines": 13, "num_statements": 13, "percent_covered": 100.0, "percent_covered_display": "100", "missing_lines": 0, "excluded_lines": 0, "percent_statements_covered": 100.0, "percent_statements_covered_display": "100"}, "missing_lines": [], "excluded_lines": [], "start_line": 1}}, "classes": {"Item": {"executed_lines": [], "summary": {"covered_lines": 0, "num_statements": 1, "percent_covered": 0.0, "percent_covered_display": "0", "missing_lines": 1, "excluded_lines": 0, "percent_statements_covered": 0.0, "percent_statements_covered_display": "0"}, "missing_lines": [28], "excluded_lines": [], "start_line": 3}, "": {"executed_lines": [1, 3, 4, 9, 10, 11, 12, 14, 19, 21, 23, 25, 27], "summary": {"covered_lines": 13, "num_statements": 13, "percent_covered": 100.0, "percent_covered_display": "100", "missing_lines": 0, "excluded_lines": 0, "percent_statements_covered": 100.0, "percent_statements_covered_display": "100"}, "missing_lines": [], "excluded_lines": [], "start_line": 1}}}, "game\\models\\player.py": {"executed_lines": [1, 2, 3, 5, 6, 7, 12, 13, 15, 19, 20, 25, 26, 27, 28, 29, 30, 31, 32, 33, 34, 35, 36, 39, 41, 45, 46, 51, 56, 57, 59, 60, 61, 63, 67, 68, 73, 78, 80, 81, 82, 84, 88, 89, 94, 99, 101, 102, 104, 108, 109, 114, 118, 119, 121, 122, 124], "summary": {"covered_lines": 57, "num_statements": 63, "percent_covered": 90.47619047619048, "percent_covered_display": "90", "missing_lines": 6, "excluded_lines": 0, "percent_statements_covered": 90.47619047619048, "percent_statements_covered_display": "90"}, "missing_lines": [16, 42, 64, 85, 105, 125], "excluded_lines": [], "functions": {"GameSession.__str__": {"executed_lines": [], "summary": {"covered_lines": 0, "num_statements": 1, "percent_covered": 0.0, "percent_covered_display": "0", "missing_lines": 1, "excluded_lines": 0, "percent_statements_covered": 0.0, "percent_statements_covered_display": "0"}, "missing_lines": [16], "excluded_lines": [], "start_line": 15}, "PlayerStats.__str__": {"executed_lines": [], "summary": {"covered_lines": 0, "num_statements": 1, "percent_covered": 0.0, "percent_covered_display": "0", "missing_lines": 1, "excluded_lines": 0, "percent_statements_covered": 0.0, "percent_statements_covered_display": "0"}, "missing_lines": [42], "excluded_lines": [], "start_line": 41}, "PlayerInventory.__str__": {"executed_lines": [], "summary": {"covered_lines": 0, "num_statements": 1, "percent_covered": 0.0, "percent_covered_display": "0", "missing_lines": 1, "excluded_lines": 0, "percent_statements_covered": 0.0, "percent_statements_covered_display": "0"}, "missing_lines": [64], "excluded_lines": [], "start_line": 63}, "PlayerContact.__str__": {"executed_lines": [], "summary": {"covered_lines": 0, "num_statements": 1, "percent_covered": 0.0, "percent_covered_display": "0", "missing_lines": 1, "excluded_lines": 0, "percent_statements_covered": 0.0, "percent_statements_covered_display": "0"}, "missing_lines": [85], "excluded_lines": [], "start_line": 84}, "PlayerGangStanding.__str__": {"executed_lines": [], "summary": {"covered_lines": 0, "num_statements": 1, "percent_covered": 0.0, "percent_covered_display": "0", "missing_lines": 1, "excluded_lines": 0, "percent_statements_covered": 0.0, "percent_statements_covered_display": "0"}, "missing_lines": [105], "excluded_lines": [], "start_line": 104}, "CompletedQuest.__str__": {"executed_lines": [], "summary": {"covered_lines": 0, "num_statements": 1, "percent_covered": 0.0, "percent_covered_display": "0", "missing_lines": 1, "excluded_lines": 0, "percent_statements_covered": 0.0, "percent_statements_covered_display": "0"}, "missing_lines": [125], "excluded_lines": [], "start_line": 124}, "": {"executed_lines": [1, 2, 3, 5, 6, 7, 12, 13, 15, 19, 20, 25, 26, 27, 28, 29, 30, 31, 32, 33, 34, 35, 36, 39, 41, 45, 46, 51, 56, 57, 59, 60, 61, 63, 67, 68, 73, 78, 80, 81, 82, 84, 88, 89, 94, 99, 101, 102, 104, 108, 109, 114, 118, 119, 121, 122, 124], "summary": {"covered_lines": 57, "num_statements": 57, "percent_covered": 100.0, "percent_covered_display": "100", "missing_lines": 0, "excluded_lines": 0, "percent_statements_covered": 100.0, "percent_statements_covered_display": "100"}, "missing_lines": [], "excluded_lines": [], "start_line": 1}}, "classes": {"GameSession": {"executed_lines": [], "summary": {"covered_lines": 0, "num_statements": 1, "percent_covered": 0.0, "percent_covered_display": "0", "missing_lines": 1, "excluded_lines": 0, "percent_statements_covered": 0.0, "percent_statements_covered_display": "0"}, "missing_lines": [16], "excluded_lines": [], "start_line": 5}, "PlayerStats": {"executed_lines": [], "summary": {"covered_lines": 0, "num_statements": 1, "percent_covered": 0.0, "percent_covered_display": "0", "missing_lines": 1, "excluded_lines": 0, "percent_statements_covered": 0.0, "percent_statements_covered_display": "0"}, "missing_lines": [42], "excluded_lines": [], "start_line": 19}, "PlayerInventory": {"executed_lines": [], "summary": {"covered_lines": 0, "num_statements": 1, "percent_covered": 0.0, "percent_covered_display": "0", "missing_lines": 1, "excluded_lines": 0, "percent_statements_covered": 0.0, "percent_statements_covered_display": "0"}, "missing_lines": [64], "excluded_lines": [], "start_line": 45}, "PlayerInventory.Meta": {"executed_lines": [], "summary": {"covered_lines": 0, "num_statements": 0, "percent_covered": 100.0, "percent_covered_display": "100", "missing_lines": 0, "excluded_lines": 0, "percent_statements_covered": 100.0, "percent_statements_covered_display": "100"}, "missing_lines": [], "excluded_lines": [], "start_line": 59}, "PlayerContact": {"executed_lines": [], "summary": {"covered_lines": 0, "num_statements": 1, "percent_covered": 0.0, "percent_covered_display": "0", "missing_lines": 1, "excluded_lines": 0, "percent_statements_covered": 0.0, "percent_statements_covered_display": "0"}, "missing_lines": [85], "excluded_lines": [], "start_line": 67}, "PlayerContact.Meta": {"executed_lines": [], "summary": {"covered_lines": 0, "num_statements": 0, "percent_covered": 100.0, "percent_covered_display": "100", "missing_lines": 0, "excluded_lines": 0, "percent_statements_covered": 100.0, "percent_statements_covered_display": "100"}, "missing_lines": [], "excluded_lines": [], "start_line": 80}, "PlayerGangStanding": {"executed_lines": [], "summary": {"covered_lines": 0, "num_statements": 1, "percent_covered": 0.0, "percent_covered_display": "0", "missing_lines": 1, "excluded_lines": 0, "percent_statements_covered": 0.0, "percent_statements_covered_display": "0"}, "missing_lines": [105], "excluded_lines": [], "start_line": 88}, "PlayerGangStanding.Meta": {"executed_lines": [], "summary": {"covered_lines": 0, "num_statements": 0, "percent_covered": 100.0, "percent_covered_display": "100", "missing_lines": 0, "excluded_lines": 0, "percent_statements_covered": 100.0, "percent_statements_covered_display": "100"}, "missing_lines": [], "excluded_lines": [], "start_line": 101}, "CompletedQuest": {"executed_lines": [], "summary": {"covered_lines": 0, "num_statements": 1, "percent_covered": 0.0, "percent_covered_display": "0", "missing_lines": 1, "excluded_lines": 0, "percent_statements_covered": 0.0, "percent_statements_covered_display": "0"}, "missing_lines": [125], "excluded_lines": [], "start_line": 108}, "CompletedQuest.Meta": {"executed_lines": [], "summary": {"covered_lines": 0, "num_statements": 0, "percent_covered": 100.0, "percent_covered_display": "100", "missing_lines": 0, "excluded_lines": 0, "percent_statements_covered": 100.0, "percent_statements_covered_display": "100"}, "missing_lines": [], "excluded_lines": [], "start_line": 121}, "": {"executed_lines": [1, 2, 3, 5, 6, 7, 12, 13, 15, 19, 20, 25, 26, 27, 28, 29, 30, 31, 32, 33, 34, 35, 36, 39, 41, 45, 46, 51, 56, 57, 59, 60, 61, 63, 67, 68, 73, 78, 80, 81, 82, 84, 88, 89, 94, 99, 101, 102, 104, 108, 109, 114, 118, 119, 121, 122, 124], "summary": {"covered_lines": 57, "num_statements": 57, "percent_covered": 100.0, "percent_covered_display": "100", "missing_lines": 0, "excluded_lines": 0, "percent_statements_covered": 100.0, "percent_statements_covered_display": "100"}, "missing_lines": [], "excluded_lines": [], "start_line": 1}}}, "game\\models\\property.py": {"executed_lines": [1, 3, 4, 9, 10, 11, 12, 13, 14, 15, 20, 23, 24, 25, 26, 28, 31, 32, 33, 37, 39], "summary": {"covered_lines": 21, "num_statements": 24, "percent_covered": 87.5, "percent_covered_display": "88", "missing_lines": 3, "excluded_lines": 0, "percent_statements_covered": 87.5, "percent_statements_covered_display": "88"}, "missing_lines": [21, 29, 40], "excluded_lines": [], "functions": {"Property.__str__": {"executed_lines": [], "summary": {"covered_lines": 0, "num_statements": 1, "percent_covered": 0.0, "percent_covered_display": "0", "missing_lines": 1, "excluded_lines": 0, "percent_statements_covered": 0.0, "percent_statements_covered_display": "0"}, "missing_lines": [21], "excluded_lines": [], "start_line": 20}, "PlayerProperty.__str__": {"executed_lines": [], "summary": {"covered_lines": 0, "num_statements": 1, "percent_covered": 0.0, "percent_covered_display": "0", "missing_lines": 1, "excluded_lines": 0, "percent_statements_covered": 0.0, "percent_statements_covered_display": "0"}, "missing_lines": [29], "excluded_lines": [], "start_line": 28}, "RivalClaim.__str__": {"executed_lines": [], "summary": {"covered_lines": 0, "num_statements": 1, "percent_covered": 0.0, "percent_covered_display": "0", "missing_lines": 1, "excluded_lines": 0, "percent_statements_covered": 0.0, "percent_statements_covered_display": "0"}, "missing_lines": [40], "excluded_lines": [], "start_line": 39}, "": {"executed_lines": [1, 3, 4, 9, 10, 11, 12, 13, 14, 15, 20, 23, 24, 25, 26, 28, 31, 32, 33, 37, 39], "summary": {"covered_lines": 21, "num_statements": 21, "percent_covered": 100.0, "percent_covered_display": "100", "missing_lines": 0, "excluded_lines": 0, "percent_statements_covered": 100.0, "percent_statements_covered_display": "100"}, "missing_lines": [], "excluded_lines": [], "start_line": 1}}, "classes": {"Property": {"executed_lines": [], "summary": {"covered_lines": 0, "num_statements": 1, "percent_covered": 0.0, "percent_covered_display": "0", "missing_lines": 1, "excluded_lines": 0, "percent_statements_covered": 0.0, "percent_statements_covered_display": "0"}, "missing_lines": [21], "excluded_lines": [], "start_line": 3}, "PlayerProperty": {"executed_lines": [], "summary": {"covered_lines": 0, "num_statements": 1, "percent_covered": 0.0, "percent_covered_display": "0", "missing_lines": 1, "excluded_lines": 0, "percent_statements_covered": 0.0, "percent_statements_covered_display": "0"}, "missing_lines": [29], "excluded_lines": [], "start_line": 23}, "RivalClaim": {"executed_lines": [], "summary": {"covered_lines": 0, "num_statements": 1, "percent_covered": 0.0, "percent_covered_display": "0", "missing_lines": 1, "excluded_lines": 0, "percent_statements_covered": 0.0, "percent_statements_covered_display": "0"}, "missing_lines": [40], "excluded_lines": [], "start_line": 31}, "": {"executed_lines": [1, 3, 4, 9, 10, 11, 12, 13, 14, 15, 20, 23, 24, 25, 26, 28, 31, 32, 33, 37, 39], "summary": {"covered_lines": 21, "num_statements": 21, "percent_covered": 100.0, "percent_covered_display": "100", "missing_lines": 0, "excluded_lines": 0, "percent_statements_covered": 100.0, "percent_statements_covered_display": "100"}, "missing_lines": [], "excluded_lines": [], "start_line": 1}}}, "game\\models\\requirements.py": {"executed_lines": [1, 2, 3, 5, 6, 10, 11, 13, 14, 15, 16, 17, 19, 25, 41, 44, 47, 48, 51, 59, 65, 68, 75, 80, 82, 83, 84, 86, 87, 88, 89, 90, 91, 92, 93, 94, 95, 97, 98, 99, 102, 103, 114, 121, 133, 138, 139, 144, 149, 150, 154, 155, 156, 158], "summary": {"covered_lines": 54, "num_statements": 65, "percent_covered": 83.07692307692308, "percent_covered_display": "83", "missing_lines": 11, "excluded_lines": 0, "percent_statements_covered": 83.07692307692308, "percent_statements_covered_display": "83"}, "missing_lines": [85, 100, 104, 105, 107, 108, 109, 110, 112, 115, 159], "excluded_lines": [], "functions": {"PlayerContext.__post_init__": {"executed_lines": [14, 15, 16, 17], "summary": {"covered_lines": 4, "num_statements": 4, "percent_covered": 100.0, "percent_covered_display": "100", "missing_lines": 0, "excluded_lines": 0, "percent_statements_covered": 100.0, "percent_statements_covered_display": "100"}, "missing_lines": [], "excluded_lines": [], "start_line": 13}, "Requirement.evaluate": {"executed_lines": [80, 82, 83, 84, 86, 87, 88, 89, 90, 91, 92, 93, 94, 95, 97, 98, 99, 102, 103], "summary": {"covered_lines": 19, "num_statements": 28, "percent_covered": 67.85714285714286, "percent_covered_display": "68", "missing_lines": 9, "excluded_lines": 0, "percent_statements_covered": 67.85714285714286, "percent_statements_covered_display": "68"}, "missing_lines": [85, 100, 104, 105, 107, 108, 109, 110, 112], "excluded_lines": [], "start_line": 75}, "Requirement.__str__": {"executed_lines": [], "summary": {"covered_lines": 0, "num_statements": 1, "percent_covered": 0.0, "percent_covered_display": "0", "missing_lines": 1, "excluded_lines": 0, "percent_statements_covered": 0.0, "percent_statements_covered_display": "0"}, "missing_lines": [115], "excluded_lines": [], "start_line": 114}, "RequirementGroup.evaluate": {"executed_lines": [150, 154, 155, 156], "summary": {"covered_lines": 4, "num_statements": 4, "percent_covered": 100.0, "percent_covered_display": "100", "missing_lines": 0, "excluded_lines": 0, "percent_statements_covered": 100.0, "percent_statements_covered_display": "100"}, "missing_lines": [], "excluded_lines": [], "start_line": 149}, "RequirementGroup.__str__": {"executed_lines": [], "summary": {"covered_lines": 0, "num_statements": 1, "percent_covered": 0.0, "percent_covered_display": "0", "missing_lines": 1, "excluded_lines": 0, "percent_statements_covered": 0.0, "percent_statements_covered_display": "0"}, "missing_lines": [159], "excluded_lines": [], "start_line": 158}, "": {"executed_lines": [1, 2, 3, 5, 6, 10, 11, 13, 19, 25, 41, 44, 47, 48, 51, 59, 65, 68, 75, 114, 121, 133, 138, 139, 144, 149, 158], "summary": {"covered_lines": 27, "num_statements": 27, "percent_covered": 100.0, "percent_covered_display": "100", "missing_lines": 0, "excluded_lines": 0, "percent_statements_covered": 100.0, "percent_statements_covered_display": "100"}, "missing_lines": [], "excluded_lines": [], "start_line": 1}}, "classes": {"PlayerContext": {"executed_lines": [14, 15, 16, 17], "summary": {"covered_lines": 4, "num_statements": 4, "percent_covered": 100.0, "percent_covered_display": "100", "missing_lines": 0, "excluded_lines": 0, "percent_statements_covered": 100.0, "percent_statements_covered_display": "100"}, "missing_lines": [], "excluded_lines": [], "start_line": 6}, "Requirement": {"executed_lines": [80, 82, 83, 84, 86, 87, 88, 89, 90, 91, 92, 93, 94, 95, 97, 98, 99, 102, 103], "summary": {"covered_lines": 19, "num_statements": 29, "percent_covered": 65.51724137931035, "percent_covered_display": "66", "missing_lines": 10, "excluded_lines": 0, "percent_statements_covered": 65.51724137931035, "percent_statements_covered_display": "66"}, "missing_lines": [85, 100, 104, 105, 107, 108, 109, 110, 112, 115], "excluded_lines": [], "start_line": 19}, "RequirementGroup": {"executed_lines": [150, 154, 155, 156], "summary": {"covered_lines": 4, "num_statements": 5, "percent_covered": 80.0, "percent_covered_display": "80", "missing_lines": 1, "excluded_lines": 0, "percent_statements_covered": 80.0, "percent_statements_covered_display": "80"}, "missing_lines": [159], "excluded_lines": [], "start_line": 121}, "": {"executed_lines": [1, 2, 3, 5, 6, 10, 11, 13, 19, 25, 41, 44, 47, 48, 51, 59, 65, 68, 75, 114, 121, 133, 138, 139, 144, 149, 158], "summary": {"covered_lines": 27, "num_statements": 27, "percent_covered": 100.0, "percent_covered_display": "100", "missing_lines": 0, "excluded_lines": 0, "percent_statements_covered": 100.0, "percent_statements_covered_display": "100"}, "missing_lines": [], "excluded_lines": [], "start_line": 1}}}, "game\\models\\world.py": {"executed_lines": [1, 2, 3, 4, 5, 7, 8, 9, 10, 12, 13, 15, 19, 20, 21, 22, 23, 27, 33, 34, 42, 48, 56, 63, 68, 69, 71, 75, 76, 77, 83, 88, 89, 90, 92, 93, 97, 99, 109, 112, 120, 121, 123, 124, 125, 127, 134, 142, 143, 144, 146, 147, 148, 150, 151, 152, 154, 160, 161, 163, 167, 168, 173, 174, 177, 185, 191, 199, 200, 203, 205, 209, 215, 216, 218, 222, 223, 228, 233, 234, 236, 240, 241, 242, 243, 245, 249, 250, 251, 252, 254, 258, 259, 264, 269, 274, 275, 280], "summary": {"covered_lines": 98, "num_statements": 110, "percent_covered": 89.0909090909091, "percent_covered_display": "89", "missing_lines": 12, "excluded_lines": 0, "percent_statements_covered": 89.0909090909091, "percent_statements_covered_display": "89"}, "missing_lines": [16, 72, 155, 156, 157, 158, 164, 219, 237, 246, 255, 281], "excluded_lines": [], "functions": {"Arc.__str__": {"executed_lines": [], "summary": {"covered_lines": 0, "num_statements": 1, "percent_covered": 0.0, "percent_covered_display": "0", "missing_lines": 1, "excluded_lines": 0, "percent_statements_covered": 0.0, "percent_statements_covered_display": "0"}, "missing_lines": [16], "excluded_lines": [], "start_line": 15}, "Quest.__str__": {"executed_lines": [], "summary": {"covered_lines": 0, "num_statements": 1, "percent_covered": 0.0, "percent_covered_display": "0", "missing_lines": 1, "excluded_lines": 0, "percent_statements_covered": 0.0, "percent_statements_covered_display": "0"}, "missing_lines": [72], "excluded_lines": [], "start_line": 71}, "Scene.is_hub": {"executed_lines": [144], "summary": {"covered_lines": 1, "num_statements": 1, "percent_covered": 100.0, "percent_covered_display": "100", "missing_lines": 0, "excluded_lines": 0, "percent_statements_covered": 100.0, "percent_statements_covered_display": "100"}, "missing_lines": [], "excluded_lines": [], "start_line": 143}, "Scene.is_combat": {"executed_lines": [148], "summary": {"covered_lines": 1, "num_statements": 1, "percent_covered": 100.0, "percent_covered_display": "100", "missing_lines": 0, "excluded_lines": 0, "percent_statements_covered": 100.0, "percent_statements_covered_display": "100"}, "missing_lines": [], "excluded_lines": [], "start_line": 147}, "Scene.is_ending": {"executed_lines": [152], "summary": {"covered_lines": 1, "num_statements": 1, "percent_covered": 100.0, "percent_covered_display": "100", "missing_lines": 0, "excluded_lines": 0, "percent_statements_covered": 100.0, "percent_statements_covered_display": "100"}, "missing_lines": [], "excluded_lines": [], "start_line": 151}, "Scene.clean": {"executed_lines": [], "summary": {"covered_lines": 0, "num_statements": 4, "percent_covered": 0.0, "percent_covered_display": "0", "missing_lines": 4, "excluded_lines": 0, "percent_statements_covered": 0.0, "percent_statements_covered_display": "0"}, "missing_lines": [155, 156, 157, 158], "excluded_lines": [], "start_line": 154}, "Scene.__str__": {"executed_lines": [], "summary": {"covered_lines": 0, "num_statements": 1, "percent_covered": 0.0, "percent_covered_display": "0", "missing_lines": 1, "excluded_lines": 0, "percent_statements_covered": 0.0, "percent_statements_covered_display": "0"}, "missing_lines": [164], "excluded_lines": [], "start_line": 163}, "Choice.__str__": {"executed_lines": [], "summary": {"covered_lines": 0, "num_statements": 1, "percent_covered": 0.0, "percent_covered_display": "0", "missing_lines": 1, "excluded_lines": 0, "percent_statements_covered": 0.0, "percent_statements_covered_display": "0"}, "missing_lines": [219], "excluded_lines": [], "start_line": 218}, "SceneItem.__str__": {"executed_lines": [], "summary": {"covered_lines": 0, "num_statements": 1, "percent_covered": 0.0, "percent_covered_display": "0", "missing_lines": 1, "excluded_lines": 0, "percent_statements_covered": 0.0, "percent_statements_covered_display": "0"}, "missing_lines": [237], "excluded_lines": [], "start_line": 236}, "Gang.__str__": {"executed_lines": [], "summary": {"covered_lines": 0, "num_statements": 1, "percent_covered": 0.0, "percent_covered_display": "0", "missing_lines": 1, "excluded_lines": 0, "percent_statements_covered": 0.0, "percent_statements_covered_display": "0"}, "missing_lines": [246], "excluded_lines": [], "start_line": 245}, "Contact.__str__": {"executed_lines": [], "summary": {"covered_lines": 0, "num_statements": 1, "percent_covered": 0.0, "percent_covered_display": "0", "missing_lines": 1, "excluded_lines": 0, "percent_statements_covered": 0.0, "percent_statements_covered_display": "0"}, "missing_lines": [255], "excluded_lines": [], "start_line": 254}, "SceneContact.__str__": {"executed_lines": [], "summary": {"covered_lines": 0, "num_statements": 1, "percent_covered": 0.0, "percent_covered_display": "0", "missing_lines": 1, "excluded_lines": 0, "percent_statements_covered": 0.0, "percent_statements_covered_display": "0"}, "missing_lines": [281], "excluded_lines": [], "start_line": 280}, "": {"executed_lines": [1, 2, 3, 4, 5, 7, 8, 9, 10, 12, 13, 15, 19, 20, 21, 22, 23, 27, 33, 34, 42, 48, 56, 63, 68, 69, 71, 75, 76, 77, 83, 88, 89, 90, 92, 93, 97, 99, 109, 112, 120, 121, 123, 124, 125, 127, 134, 142, 143, 146, 147, 150, 151, 154, 160, 161, 163, 167, 168, 173, 174, 177, 185, 191, 199, 200, 203, 205, 209, 215, 216, 218, 222, 223, 228, 233, 234, 236, 240, 241, 242, 243, 245, 249, 250, 251, 252, 254, 258, 259, 264, 269, 274, 275, 280], "summary": {"covered_lines": 95, "num_statements": 95, "percent_covered": 100.0, "percent_covered_display": "100", "missing_lines": 0, "excluded_lines": 0, "percent_statements_covered": 100.0, "percent_statements_covered_display": "100"}, "missing_lines": [], "excluded_lines": [], "start_line": 1}}, "classes": {"Arc": {"executed_lines": [], "summary": {"covered_lines": 0, "num_statements": 1, "percent_covered": 0.0, "percent_covered_display": "0", "missing_lines": 1, "excluded_lines": 0, "percent_statements_covered": 0.0, "percent_statements_covered_display": "0"}, "missing_lines": [16], "excluded_lines": [], "start_line": 7}, "Arc.Meta": {"executed_lines": [], "summary": {"covered_lines": 0, "num_statements": 0, "percent_covered": 100.0, "percent_covered_display": "100", "missing_lines": 0, "excluded_lines": 0, "percent_statements_covered": 100.0, "percent_statements_covered_display": "100"}, "missing_lines": [], "excluded_lines": [], "start_line": 12}, "Quest": {"executed_lines": [], "summary": {"covered_lines": 0, "num_statements": 1, "percent_covered": 0.0, "percent_covered_display": "0", "missing_lines": 1, "excluded_lines": 0, "percent_statements_covered": 0.0, "percent_statements_covered_display": "0"}, "missing_lines": [72], "excluded_lines": [], "start_line": 19}, "Quest.Meta": {"executed_lines": [], "summary": {"covered_lines": 0, "num_statements": 0, "percent_covered": 100.0, "percent_covered_display": "100", "missing_lines": 0, "excluded_lines": 0, "percent_statements_covered": 100.0, "percent_statements_covered_display": "100"}, "missing_lines": [], "excluded_lines": [], "start_line": 68}, "Scene": {"executed_lines": [144, 148, 152], "summary": {"covered_lines": 3, "num_statements": 8, "percent_covered": 37.5, "percent_covered_display": "38", "missing_lines": 5, "excluded_lines": 0, "percent_statements_covered": 37.5, "percent_statements_covered_display": "38"}, "missing_lines": [155, 156, 157, 158, 164], "excluded_lines": [], "start_line": 75}, "Scene.Meta": {"executed_lines": [], "summary": {"covered_lines": 0, "num_statements": 0, "percent_covered": 100.0, "percent_covered_display": "100", "missing_lines": 0, "excluded_lines": 0, "percent_statements_covered": 100.0, "percent_statements_covered_display": "100"}, "missing_lines": [], "excluded_lines": [], "start_line": 160}, "Choice": {"executed_lines": [], "summary": {"covered_lines": 0, "num_statements": 1, "percent_covered": 0.0, "percent_covered_display": "0", "missing_lines": 1, "excluded_lines": 0, "percent_statements_covered": 0.0, "percent_statements_covered_display": "0"}, "missing_lines": [219], "excluded_lines": [], "start_line": 167}, "Choice.Meta": {"executed_lines": [], "summary": {"covered_lines": 0, "num_statements": 0, "percent_covered": 100.0, "percent_covered_display": "100", "missing_lines": 0, "excluded_lines": 0, "percent_statements_covered": 100.0, "percent_statements_covered_display": "100"}, "missing_lines": [], "excluded_lines": [], "start_line": 215}, "SceneItem": {"executed_lines": [], "summary": {"covered_lines": 0, "num_statements": 1, "percent_covered": 0.0, "percent_covered_display": "0", "missing_lines": 1, "excluded_lines": 0, "percent_statements_covered": 0.0, "percent_statements_covered_display": "0"}, "missing_lines": [237], "excluded_lines": [], "start_line": 222}, "Gang": {"executed_lines": [], "summary": {"covered_lines": 0, "num_statements": 1, "percent_covered": 0.0, "percent_covered_display": "0", "missing_lines": 1, "excluded_lines": 0, "percent_statements_covered": 0.0, "percent_statements_covered_display": "0"}, "missing_lines": [246], "excluded_lines": [], "start_line": 240}, "Contact": {"executed_lines": [], "summary": {"covered_lines": 0, "num_statements": 1, "percent_covered": 0.0, "percent_covered_display": "0", "missing_lines": 1, "excluded_lines": 0, "percent_statements_covered": 0.0, "percent_statements_covered_display": "0"}, "missing_lines": [255], "excluded_lines": [], "start_line": 249}, "SceneContact": {"executed_lines": [], "summary": {"covered_lines": 0, "num_statements": 1, "percent_covered": 0.0, "percent_covered_display": "0", "missing_lines": 1, "excluded_lines": 0, "percent_statements_covered": 0.0, "percent_statements_covered_display": "0"}, "missing_lines": [281], "excluded_lines": [], "start_line": 258}, "": {"executed_lines": [1, 2, 3, 4, 5, 7, 8, 9, 10, 12, 13, 15, 19, 20, 21, 22, 23, 27, 33, 34, 42, 48, 56, 63, 68, 69, 71, 75, 76, 77, 83, 88, 89, 90, 92, 93, 97, 99, 109, 112, 120, 121, 123, 124, 125, 127, 134, 142, 143, 146, 147, 150, 151, 154, 160, 161, 163, 167, 168, 173, 174, 177, 185, 191, 199, 200, 203, 205, 209, 215, 216, 218, 222, 223, 228, 233, 234, 236, 240, 241, 242, 243, 245, 249, 250, 251, 252, 254, 258, 259, 264, 269, 274, 275, 280], "summary": {"covered_lines": 95, "num_statements": 95, "percent_covered": 100.0, "percent_covered_display": "100", "missing_lines": 0, "excluded_lines": 0, "percent_statements_covered": 100.0, "percent_statements_covered_display": "100"}, "missing_lines": [], "excluded_lines": [], "start_line": 1}}}, "game\\quest_builder_views.py": {"executed_lines": [1, 2, 4, 5, 6, 7, 9, 10, 11, 28, 31, 73, 88, 103, 112, 173, 174, 177, 178, 179, 180, 189, 190, 199, 200, 201, 204, 205, 206, 208, 209, 210, 219, 228, 229, 230, 233, 234, 237, 238, 240, 241, 242, 253, 255, 257, 266, 267, 268, 271, 288, 325, 365, 393, 417, 457, 481, 498], "summary": {"covered_lines": 58, "num_statements": 216, "percent_covered": 26.85185185185185, "percent_covered_display": "27", "missing_lines": 158, "excluded_lines": 0, "percent_statements_covered": 26.85185185185185, "percent_statements_covered_display": "27"}, "missing_lines": [32, 37, 38, 44, 48, 52, 56, 74, 75, 77, 78, 80, 85, 89, 91, 92, 93, 94, 96, 100, 104, 105, 109, 113, 114, 116, 117, 118, 119, 120, 121, 122, 123, 128, 131, 132, 133, 134, 136, 137, 138, 139, 140, 141, 142, 146, 170, 175, 181, 182, 187, 211, 212, 217, 235, 272, 273, 275, 276, 278, 279, 280, 281, 282, 284, 285, 289, 290, 292, 293, 295, 296, 297, 298, 299, 300, 301, 302, 306, 308, 309, 311, 322, 326, 327, 329, 330, 332, 333, 334, 335, 336, 337, 338, 339, 340, 341, 346, 348, 349, 351, 362, 366, 367, 369, 370, 372, 373, 374, 378, 390, 394, 395, 397, 398, 399, 401, 402, 403, 404, 405, 407, 414, 418, 419, 421, 422, 423, 424, 426, 427, 429, 436, 441, 442, 454, 458, 459, 461, 462, 463, 464, 466, 467, 478, 482, 483, 485, 486, 488, 489, 495, 499, 500, 502, 503, 505, 520], "excluded_lines": [], "functions": {"_choice_context": {"executed_lines": [], "summary": {"covered_lines": 0, "num_statements": 7, "percent_covered": 0.0, "percent_covered_display": "0", "missing_lines": 7, "excluded_lines": 0, "percent_statements_covered": 0.0, "percent_statements_covered_display": "0"}, "missing_lines": [32, 37, 38, 44, 48, 52, 56], "excluded_lines": [], "start_line": 31}, "quest_validate": {"executed_lines": [], "summary": {"covered_lines": 0, "num_statements": 6, "percent_covered": 0.0, "percent_covered_display": "0", "missing_lines": 6, "excluded_lines": 0, "percent_statements_covered": 0.0, "percent_statements_covered_display": "0"}, "missing_lines": [74, 75, 77, 78, 80, 85], "excluded_lines": [], "start_line": 73}, "quest_builder_list": {"executed_lines": [], "summary": {"covered_lines": 0, "num_statements": 7, "percent_covered": 0.0, "percent_covered_display": "0", "missing_lines": 7, "excluded_lines": 0, "percent_statements_covered": 0.0, "percent_statements_covered_display": "0"}, "missing_lines": [89, 91, 92, 93, 94, 96, 100], "excluded_lines": [], "start_line": 88}, "quest_builder_canvas": {"executed_lines": [], "summary": {"covered_lines": 0, "num_statements": 3, "percent_covered": 0.0, "percent_covered_display": "0", "missing_lines": 3, "excluded_lines": 0, "percent_statements_covered": 0.0, "percent_statements_covered_display": "0"}, "missing_lines": [104, 105, 109], "excluded_lines": [], "start_line": 103}, "scene_panel": {"executed_lines": [], "summary": {"covered_lines": 0, "num_statements": 24, "percent_covered": 0.0, "percent_covered_display": "0", "missing_lines": 24, "excluded_lines": 0, "percent_statements_covered": 0.0, "percent_statements_covered_display": "0"}, "missing_lines": [113, 114, 116, 117, 118, 119, 120, 121, 122, 123, 128, 131, 132, 133, 134, 136, 137, 138, 139, 140, 141, 142, 146, 170], "excluded_lines": [], "start_line": 112}, "scene_save": {"executed_lines": [174, 177, 178, 179, 180, 189, 190, 199, 200, 201], "summary": {"covered_lines": 10, "num_statements": 14, "percent_covered": 71.42857142857143, "percent_covered_display": "71", "missing_lines": 4, "excluded_lines": 0, "percent_statements_covered": 71.42857142857143, "percent_statements_covered_display": "71"}, "missing_lines": [175, 181, 182, 187], "excluded_lines": [], "start_line": 173}, "scene_create": {"executed_lines": [205, 206, 208, 209, 210, 219, 228, 229, 230], "summary": {"covered_lines": 9, "num_statements": 12, "percent_covered": 75.0, "percent_covered_display": "75", "missing_lines": 3, "excluded_lines": 0, "percent_statements_covered": 75.0, "percent_statements_covered_display": "75"}, "missing_lines": [211, 212, 217], "excluded_lines": [], "start_line": 204}, "scene_delete": {"executed_lines": [234, 237, 238, 240, 241, 242, 253, 255, 257, 266, 267, 268], "summary": {"covered_lines": 12, "num_statements": 13, "percent_covered": 92.3076923076923, "percent_covered_display": "92", "missing_lines": 1, "excluded_lines": 0, "percent_statements_covered": 92.3076923076923, "percent_statements_covered_display": "92"}, "missing_lines": [235], "excluded_lines": [], "start_line": 233}, "scene_move": {"executed_lines": [], "summary": {"covered_lines": 0, "num_statements": 11, "percent_covered": 0.0, "percent_covered_display": "0", "missing_lines": 11, "excluded_lines": 0, "percent_statements_covered": 0.0, "percent_statements_covered_display": "0"}, "missing_lines": [272, 273, 275, 276, 278, 279, 280, 281, 282, 284, 285], "excluded_lines": [], "start_line": 271}, "scene_items_save": {"executed_lines": [], "summary": {"covered_lines": 0, "num_statements": 17, "percent_covered": 0.0, "percent_covered_display": "0", "missing_lines": 17, "excluded_lines": 0, "percent_statements_covered": 0.0, "percent_statements_covered_display": "0"}, "missing_lines": [289, 290, 292, 293, 295, 296, 297, 298, 299, 300, 301, 302, 306, 308, 309, 311, 322], "excluded_lines": [], "start_line": 288}, "scene_contacts_save": {"executed_lines": [], "summary": {"covered_lines": 0, "num_statements": 19, "percent_covered": 0.0, "percent_covered_display": "0", "missing_lines": 19, "excluded_lines": 0, "percent_statements_covered": 0.0, "percent_statements_covered_display": "0"}, "missing_lines": [326, 327, 329, 330, 332, 333, 334, 335, 336, 337, 338, 339, 340, 341, 346, 348, 349, 351, 362], "excluded_lines": [], "start_line": 325}, "scene_combat_save": {"executed_lines": [], "summary": {"covered_lines": 0, "num_statements": 9, "percent_covered": 0.0, "percent_covered_display": "0", "missing_lines": 9, "excluded_lines": 0, "percent_statements_covered": 0.0, "percent_statements_covered_display": "0"}, "missing_lines": [366, 367, 369, 370, 372, 373, 374, 378, 390], "excluded_lines": [], "start_line": 365}, "choice_panel": {"executed_lines": [], "summary": {"covered_lines": 0, "num_statements": 12, "percent_covered": 0.0, "percent_covered_display": "0", "missing_lines": 12, "excluded_lines": 0, "percent_statements_covered": 0.0, "percent_statements_covered_display": "0"}, "missing_lines": [394, 395, 397, 398, 399, 401, 402, 403, 404, 405, 407, 414], "excluded_lines": [], "start_line": 393}, "choice_create": {"executed_lines": [], "summary": {"covered_lines": 0, "num_statements": 13, "percent_covered": 0.0, "percent_covered_display": "0", "missing_lines": 13, "excluded_lines": 0, "percent_statements_covered": 0.0, "percent_statements_covered_display": "0"}, "missing_lines": [418, 419, 421, 422, 423, 424, 426, 427, 429, 436, 441, 442, 454], "excluded_lines": [], "start_line": 417}, "choice_save": {"executed_lines": [], "summary": {"covered_lines": 0, "num_statements": 9, "percent_covered": 0.0, "percent_covered_display": "0", "missing_lines": 9, "excluded_lines": 0, "percent_statements_covered": 0.0, "percent_statements_covered_display": "0"}, "missing_lines": [458, 459, 461, 462, 463, 464, 466, 467, 478], "excluded_lines": [], "start_line": 457}, "choice_delete": {"executed_lines": [], "summary": {"covered_lines": 0, "num_statements": 7, "percent_covered": 0.0, "percent_covered_display": "0", "missing_lines": 7, "excluded_lines": 0, "percent_statements_covered": 0.0, "percent_statements_covered_display": "0"}, "missing_lines": [482, 483, 485, 486, 488, 489, 495], "excluded_lines": [], "start_line": 481}, "choice_requirements_save": {"executed_lines": [], "summary": {"covered_lines": 0, "num_statements": 6, "percent_covered": 0.0, "percent_covered_display": "0", "missing_lines": 6, "excluded_lines": 0, "percent_statements_covered": 0.0, "percent_statements_covered_display": "0"}, "missing_lines": [499, 500, 502, 503, 505, 520], "excluded_lines": [], "start_line": 498}, "": {"executed_lines": [1, 2, 4, 5, 6, 7, 9, 10, 11, 28, 31, 73, 88, 103, 112, 173, 204, 233, 271, 288, 325, 365, 393, 417, 457, 481, 498], "summary": {"covered_lines": 27, "num_statements": 27, "percent_covered": 100.0, "percent_covered_display": "100", "missing_lines": 0, "excluded_lines": 0, "percent_statements_covered": 100.0, "percent_statements_covered_display": "100"}, "missing_lines": [], "excluded_lines": [], "start_line": 1}}, "classes": {"": {"executed_lines": [1, 2, 4, 5, 6, 7, 9, 10, 11, 28, 31, 73, 88, 103, 112, 173, 174, 177, 178, 179, 180, 189, 190, 199, 200, 201, 204, 205, 206, 208, 209, 210, 219, 228, 229, 230, 233, 234, 237, 238, 240, 241, 242, 253, 255, 257, 266, 267, 268, 271, 288, 325, 365, 393, 417, 457, 481, 498], "summary": {"covered_lines": 58, "num_statements": 216, "percent_covered": 26.85185185185185, "percent_covered_display": "27", "missing_lines": 158, "excluded_lines": 0, "percent_statements_covered": 26.85185185185185, "percent_statements_covered_display": "27"}, "missing_lines": [32, 37, 38, 44, 48, 52, 56, 74, 75, 77, 78, 80, 85, 89, 91, 92, 93, 94, 96, 100, 104, 105, 109, 113, 114, 116, 117, 118, 119, 120, 121, 122, 123, 128, 131, 132, 133, 134, 136, 137, 138, 139, 140, 141, 142, 146, 170, 175, 181, 182, 187, 211, 212, 217, 235, 272, 273, 275, 276, 278, 279, 280, 281, 282, 284, 285, 289, 290, 292, 293, 295, 296, 297, 298, 299, 300, 301, 302, 306, 308, 309, 311, 322, 326, 327, 329, 330, 332, 333, 334, 335, 336, 337, 338, 339, 340, 341, 346, 348, 349, 351, 362, 366, 367, 369, 370, 372, 373, 374, 378, 390, 394, 395, 397, 398, 399, 401, 402, 403, 404, 405, 407, 414, 418, 419, 421, 422, 423, 424, 426, 427, 429, 436, 441, 442, 454, 458, 459, 461, 462, 463, 464, 466, 467, 478, 482, 483, 485, 486, 488, 489, 495, 499, 500, 502, 503, 505, 520], "excluded_lines": [], "start_line": 1}}}, "game\\services\\__init__.py": {"executed_lines": [], "summary": {"covered_lines": 0, "num_statements": 0, "percent_covered": 100.0, "percent_covered_display": "100", "missing_lines": 0, "excluded_lines": 0, "percent_statements_covered": 100.0, "percent_statements_covered_display": "100"}, "missing_lines": [], "excluded_lines": [], "functions": {"": {"executed_lines": [], "summary": {"covered_lines": 0, "num_statements": 0, "percent_covered": 100.0, "percent_covered_display": "100", "missing_lines": 0, "excluded_lines": 0, "percent_statements_covered": 100.0, "percent_statements_covered_display": "100"}, "missing_lines": [], "excluded_lines": [], "start_line": 1}}, "classes": {"": {"executed_lines": [], "summary": {"covered_lines": 0, "num_statements": 0, "percent_covered": 100.0, "percent_covered_display": "100", "missing_lines": 0, "excluded_lines": 0, "percent_statements_covered": 100.0, "percent_statements_covered_display": "100"}, "missing_lines": [], "excluded_lines": [], "start_line": 1}}}, "game\\services\\arrival.py": {"executed_lines": [1, 2, 3, 10, 11, 14, 20, 21, 23, 25, 26, 27, 29, 30, 32, 35, 36, 38, 41, 42, 60], "summary": {"covered_lines": 21, "num_statements": 34, "percent_covered": 61.76470588235294, "percent_covered_display": "62", "missing_lines": 13, "excluded_lines": 0, "percent_statements_covered": 61.76470588235294, "percent_statements_covered_display": "62"}, "missing_lines": [33, 37, 39, 43, 47, 48, 50, 51, 53, 54, 55, 56, 58], "excluded_lines": [], "functions": {"process_arrival": {"executed_lines": [20, 21, 23, 25, 26, 27, 29, 30, 32, 35, 36, 38, 41, 42, 60], "summary": {"covered_lines": 15, "num_statements": 28, "percent_covered": 53.57142857142857, "percent_covered_display": "54", "missing_lines": 13, "excluded_lines": 0, "percent_statements_covered": 53.57142857142857, "percent_statements_covered_display": "54"}, "missing_lines": [33, 37, 39, 43, 47, 48, 50, 51, 53, 54, 55, 56, 58], "excluded_lines": [], "start_line": 14}, "": {"executed_lines": [1, 2, 3, 10, 11, 14], "summary": {"covered_lines": 6, "num_statements": 6, "percent_covered": 100.0, "percent_covered_display": "100", "missing_lines": 0, "excluded_lines": 0, "percent_statements_covered": 100.0, "percent_statements_covered_display": "100"}, "missing_lines": [], "excluded_lines": [], "start_line": 1}}, "classes": {"": {"executed_lines": [1, 2, 3, 10, 11, 14, 20, 21, 23, 25, 26, 27, 29, 30, 32, 35, 36, 38, 41, 42, 60], "summary": {"covered_lines": 21, "num_statements": 34, "percent_covered": 61.76470588235294, "percent_covered_display": "62", "missing_lines": 13, "excluded_lines": 0, "percent_statements_covered": 61.76470588235294, "percent_statements_covered_display": "62"}, "missing_lines": [33, 37, 39, 43, 47, 48, 50, 51, 53, 54, 55, 56, 58], "excluded_lines": [], "start_line": 1}}}, "game\\services\\combat.py": {"executed_lines": [1, 2, 3, 5, 6, 7, 8, 9, 10, 11, 12, 15, 16, 17, 18, 19, 20, 21, 24, 29, 30, 31, 34, 35, 36, 39, 45, 46, 47, 48, 52, 53, 54, 56, 57, 58, 60, 64, 65, 72, 76, 79, 80, 81, 82, 83, 84, 86, 87, 91, 92, 94, 95, 97, 99, 100, 102, 105, 106, 108, 109, 110, 111, 114, 115, 117, 118, 119], "summary": {"covered_lines": 68, "num_statements": 81, "percent_covered": 83.95061728395062, "percent_covered_display": "84", "missing_lines": 13, "excluded_lines": 0, "percent_statements_covered": 83.95061728395062, "percent_statements_covered_display": "84"}, "missing_lines": [32, 33, 49, 50, 51, 59, 61, 62, 88, 89, 101, 103, 112], "excluded_lines": [], "functions": {"resolve_player_attack": {"executed_lines": [6, 7, 8, 9, 10, 11, 12], "summary": {"covered_lines": 7, "num_statements": 7, "percent_covered": 100.0, "percent_covered_display": "100", "missing_lines": 0, "excluded_lines": 0, "percent_statements_covered": 100.0, "percent_statements_covered_display": "100"}, "missing_lines": [], "excluded_lines": [], "start_line": 5}, "resolve_enemy_attack": {"executed_lines": [16, 17, 18, 19, 20, 21], "summary": {"covered_lines": 6, "num_statements": 6, "percent_covered": 100.0, "percent_covered_display": "100", "missing_lines": 0, "excluded_lines": 0, "percent_statements_covered": 100.0, "percent_statements_covered_display": "100"}, "missing_lines": [], "excluded_lines": [], "start_line": 15}, "get_active_combat_state": {"executed_lines": [29, 30, 31, 34, 35, 36], "summary": {"covered_lines": 6, "num_statements": 8, "percent_covered": 75.0, "percent_covered_display": "75", "missing_lines": 2, "excluded_lines": 0, "percent_statements_covered": 75.0, "percent_statements_covered_display": "75"}, "missing_lines": [32, 33], "excluded_lines": [], "start_line": 24}, "initialize_combat_state": {"executed_lines": [45, 46, 47, 48, 52, 53, 54, 56, 57, 58, 60, 64, 65, 72, 76], "summary": {"covered_lines": 15, "num_statements": 21, "percent_covered": 71.42857142857143, "percent_covered_display": "71", "missing_lines": 6, "excluded_lines": 0, "percent_statements_covered": 71.42857142857143, "percent_statements_covered_display": "71"}, "missing_lines": [49, 50, 51, 59, 61, 62], "excluded_lines": [], "start_line": 39}, "resolve_combat_end": {"executed_lines": [80, 81, 82, 83, 84, 86, 87, 91, 92, 94, 95, 97, 99, 100, 102, 105, 106, 108, 109, 110, 111, 114, 115, 117, 118, 119], "summary": {"covered_lines": 26, "num_statements": 31, "percent_covered": 83.87096774193549, "percent_covered_display": "84", "missing_lines": 5, "excluded_lines": 0, "percent_statements_covered": 83.87096774193549, "percent_statements_covered_display": "84"}, "missing_lines": [88, 89, 101, 103, 112], "excluded_lines": [], "start_line": 79}, "": {"executed_lines": [1, 2, 3, 5, 15, 24, 39, 79], "summary": {"covered_lines": 8, "num_statements": 8, "percent_covered": 100.0, "percent_covered_display": "100", "missing_lines": 0, "excluded_lines": 0, "percent_statements_covered": 100.0, "percent_statements_covered_display": "100"}, "missing_lines": [], "excluded_lines": [], "start_line": 1}}, "classes": {"": {"executed_lines": [1, 2, 3, 5, 6, 7, 8, 9, 10, 11, 12, 15, 16, 17, 18, 19, 20, 21, 24, 29, 30, 31, 34, 35, 36, 39, 45, 46, 47, 48, 52, 53, 54, 56, 57, 58, 60, 64, 65, 72, 76, 79, 80, 81, 82, 83, 84, 86, 87, 91, 92, 94, 95, 97, 99, 100, 102, 105, 106, 108, 109, 110, 111, 114, 115, 117, 118, 119], "summary": {"covered_lines": 68, "num_statements": 81, "percent_covered": 83.95061728395062, "percent_covered_display": "84", "missing_lines": 13, "excluded_lines": 0, "percent_statements_covered": 83.95061728395062, "percent_statements_covered_display": "84"}, "missing_lines": [32, 33, 49, 50, 51, 59, 61, 62, 88, 89, 101, 103, 112], "excluded_lines": [], "start_line": 1}}}, "game\\services\\flags.py": {"executed_lines": [1, 4, 5, 6, 8, 9, 10], "summary": {"covered_lines": 7, "num_statements": 8, "percent_covered": 87.5, "percent_covered_display": "88", "missing_lines": 1, "excluded_lines": 0, "percent_statements_covered": 87.5, "percent_statements_covered_display": "88"}, "missing_lines": [2], "excluded_lines": [], "functions": {"has_flag": {"executed_lines": [], "summary": {"covered_lines": 0, "num_statements": 1, "percent_covered": 0.0, "percent_covered_display": "0", "missing_lines": 1, "excluded_lines": 0, "percent_statements_covered": 0.0, "percent_statements_covered_display": "0"}, "missing_lines": [2], "excluded_lines": [], "start_line": 1}, "set_flag": {"executed_lines": [5, 6], "summary": {"covered_lines": 2, "num_statements": 2, "percent_covered": 100.0, "percent_covered_display": "100", "missing_lines": 0, "excluded_lines": 0, "percent_statements_covered": 100.0, "percent_statements_covered_display": "100"}, "missing_lines": [], "excluded_lines": [], "start_line": 4}, "clear_flag": {"executed_lines": [9, 10], "summary": {"covered_lines": 2, "num_statements": 2, "percent_covered": 100.0, "percent_covered_display": "100", "missing_lines": 0, "excluded_lines": 0, "percent_statements_covered": 100.0, "percent_statements_covered_display": "100"}, "missing_lines": [], "excluded_lines": [], "start_line": 8}, "": {"executed_lines": [1, 4, 8], "summary": {"covered_lines": 3, "num_statements": 3, "percent_covered": 100.0, "percent_covered_display": "100", "missing_lines": 0, "excluded_lines": 0, "percent_statements_covered": 100.0, "percent_statements_covered_display": "100"}, "missing_lines": [], "excluded_lines": [], "start_line": 1}}, "classes": {"": {"executed_lines": [1, 4, 5, 6, 8, 9, 10], "summary": {"covered_lines": 7, "num_statements": 8, "percent_covered": 87.5, "percent_covered_display": "88", "missing_lines": 1, "excluded_lines": 0, "percent_statements_covered": 87.5, "percent_statements_covered_display": "88"}, "missing_lines": [2], "excluded_lines": [], "start_line": 1}}}, "game\\services\\inventory.py": {"executed_lines": [1, 5, 6, 7, 10, 17, 18, 19, 31, 34, 39, 40, 41, 44, 52, 53, 54, 67, 70, 77, 78, 80, 81, 82, 83], "summary": {"covered_lines": 25, "num_statements": 47, "percent_covered": 53.191489361702125, "percent_covered_display": "53", "missing_lines": 22, "excluded_lines": 0, "percent_statements_covered": 53.191489361702125, "percent_statements_covered_display": "53"}, "missing_lines": [20, 21, 22, 23, 24, 25, 26, 27, 28, 29, 30, 55, 56, 57, 58, 63, 64, 65, 66, 79, 85, 86], "excluded_lines": [], "functions": {"get_player_contacts": {"executed_lines": [5, 6, 7], "summary": {"covered_lines": 3, "num_statements": 3, "percent_covered": 100.0, "percent_covered_display": "100", "missing_lines": 0, "excluded_lines": 0, "percent_statements_covered": 100.0, "pe
[...]
luded_lines": [], "start_line": 24}, "build_render_context": {"executed_lines": [38, 39, 40, 41, 42, 43, 44, 47], "summary": {"covered_lines": 8, "num_statements": 8, "percent_covered": 100.0, "percent_covered_display": "100", "missing_lines": 0, "excluded_lines": 0, "percent_statements_covered": 100.0, "percent_statements_covered_display": "100"}, "missing_lines": [], "excluded_lines": [], "start_line": 37}, "": {"executed_lines": [1, 2, 3, 4, 5, 6, 8, 17, 24, 37], "summary": {"covered_lines": 10, "num_statements": 10, "percent_covered": 100.0, "percent_covered_display": "100", "missing_lines": 0, "excluded_lines": 0, "percent_statements_covered": 100.0, "percent_statements_covered_display": "100"}, "missing_lines": [], "excluded_lines": [], "start_line": 1}}, "classes": {"": {"executed_lines": [1, 2, 3, 4, 5, 6, 8, 9, 10, 11, 12, 13, 14, 17, 18, 24, 26, 27, 28, 32, 33, 34, 37, 38, 39, 40, 41, 42, 43, 44, 47], "summary": {"covered_lines": 31, "num_statements": 31, "percent_covered": 100.0, "percent_covered_display": "100", "missing_lines": 0, "excluded_lines": 0, "percent_statements_covered": 100.0, "percent_statements_covered_display": "100"}, "missing_lines": [], "excluded_lines": [], "start_line": 1}}}, "game\\services\\types.py": {"executed_lines": [1, 4, 5, 13, 14, 22, 23, 33, 34, 47], "summary": {"covered_lines": 10, "num_statements": 10, "percent_covered": 100.0, "percent_covered_display": "100", "missing_lines": 0, "excluded_lines": 0, "percent_statements_covered": 100.0, "percent_statements_covered_display": "100"}, "missing_lines": [], "excluded_lines": [], "functions": {"": {"executed_lines": [1, 4, 5, 13, 14, 22, 23, 33, 34, 47], "summary": {"covered_lines": 10, "num_statements": 10, "percent_covered": 100.0, "percent_covered_display": "100", "missing_lines": 0, "excluded_lines": 0, "percent_statements_covered": 100.0, "percent_statements_covered_display": "100"}, "missing_lines": [], "excluded_lines": [], "start_line": 1}}, "classes": {"CombatRollResult": {"executed_lines": [], "summary": {"covered_lines": 0, "num_statements": 0, "percent_covered": 100.0, "percent_covered_display": "100", "missing_lines": 0, "excluded_lines": 0, "percent_statements_covered": 100.0, "percent_statements_covered_display": "100"}, "missing_lines": [], "excluded_lines": [], "start_line": 5}, "DamageResult": {"executed_lines": [], "summary": {"covered_lines": 0, "num_statements": 0, "percent_covered": 100.0, "percent_covered_display": "100", "missing_lines": 0, "excluded_lines": 0, "percent_statements_covered": 100.0, "percent_statements_covered_display": "100"}, "missing_lines": [], "excluded_lines": [], "start_line": 14}, "RollResult": {"executed_lines": [], "summary": {"covered_lines": 0, "num_statements": 0, "percent_covered": 100.0, "percent_covered_display": "100", "missing_lines": 0, "excluded_lines": 0, "percent_statements_covered": 100.0, "percent_statements_covered_display": "100"}, "missing_lines": [], "excluded_lines": [], "start_line": 23}, "EffectiveStats": {"executed_lines": [], "summary": {"covered_lines": 0, "num_statements": 0, "percent_covered": 100.0, "percent_covered_display": "100", "missing_lines": 0, "excluded_lines": 0, "percent_statements_covered": 100.0, "percent_statements_covered_display": "100"}, "missing_lines": [], "excluded_lines": [], "start_line": 34}, "": {"executed_lines": [1, 4, 5, 13, 14, 22, 23, 33, 34, 47], "summary": {"covered_lines": 10, "num_statements": 10, "percent_covered": 100.0, "percent_covered_display": "100", "missing_lines": 0, "excluded_lines": 0, "percent_statements_covered": 100.0, "percent_statements_covered_display": "100"}, "missing_lines": [], "excluded_lines": [], "start_line": 1}}}, "game\\templatetags\\__init__.py": {"executed_lines": [], "summary": {"covered_lines": 0, "num_statements": 0, "percent_covered": 100.0, "percent_covered_display": "100", "missing_lines": 0, "excluded_lines": 0, "percent_statements_covered": 100.0, "percent_statements_covered_display": "100"}, "missing_lines": [], "excluded_lines": [], "functions": {"": {"executed_lines": [], "summary": {"covered_lines": 0, "num_statements": 0, "percent_covered": 100.0, "percent_covered_display": "100", "missing_lines": 0, "excluded_lines": 0, "percent_statements_covered": 100.0, "percent_statements_covered_display": "100"}, "missing_lines": [], "excluded_lines": [], "start_line": 1}}, "classes": {"": {"executed_lines": [], "summary": {"covered_lines": 0, "num_statements": 0, "percent_covered": 100.0, "percent_covered_display": "100", "missing_lines": 0, "excluded_lines": 0, "percent_statements_covered": 100.0, "percent_statements_covered_display": "100"}, "missing_lines": [], "excluded_lines": [], "start_line": 1}}}, "game\\templatetags\\game_filters.py": {"executed_lines": [1, 2, 4, 7, 8, 14, 15, 18, 19, 25, 26, 31, 32, 33, 38, 39, 45, 46, 47, 48, 50, 51, 52, 53, 55, 60, 61, 66, 67, 72, 73, 79, 80], "summary": {"covered_lines": 33, "num_statements": 48, "percent_covered": 68.75, "percent_covered_display": "69", "missing_lines": 15, "excluded_lines": 0, "percent_statements_covered": 68.75, "percent_statements_covered_display": "69"}, "missing_lines": [16, 17, 20, 21, 22, 34, 35, 49, 54, 56, 57, 68, 69, 81, 82], "excluded_lines": [], "functions": {"hp_color_class": {"executed_lines": [14, 15, 18, 19], "summary": {"covered_lines": 4, "num_statements": 9, "percent_covered": 44.44444444444444, "percent_covered_display": "44", "missing_lines": 5, "excluded_lines": 0, "percent_statements_covered": 44.44444444444444, "percent_statements_covered_display": "44"}, "missing_lines": [16, 17, 20, 21, 22], "excluded_lines": [], "start_line": 8}, "hp_pct": {"executed_lines": [31, 32, 33], "summary": {"covered_lines": 3, "num_statements": 5, "percent_covered": 60.0, "percent_covered_display": "60", "missing_lines": 2, "excluded_lines": 0, "percent_statements_covered": 60.0, "percent_statements_covered_display": "60"}, "missing_lines": [34, 35], "excluded_lines": [], "start_line": 26}, "xp_pct": {"executed_lines": [45, 46, 47, 48, 50, 51, 52, 53, 55], "summary": {"covered_lines": 9, "num_statements": 13, "percent_covered": 69.23076923076923, "percent_covered_display": "69", "missing_lines": 4, "excluded_lines": 0, "percent_statements_covered": 69.23076923076923, "percent_statements_covered_display": "69"}, "missing_lines": [49, 54, 56, 57], "excluded_lines": [], "start_line": 39}, "rank_title": {"executed_lines": [66, 67], "summary": {"covered_lines": 2, "num_statements": 4, "percent_covered": 50.0, "percent_covered_display": "50", "missing_lines": 2, "excluded_lines": 0, "percent_statements_covered": 50.0, "percent_statements_covered_display": "50"}, "missing_lines": [68, 69], "excluded_lines": [], "start_line": 61}, "levelup_flavor": {"executed_lines": [79, 80], "summary": {"covered_lines": 2, "num_statements": 4, "percent_covered": 50.0, "percent_covered_display": "50", "missing_lines": 2, "excluded_lines": 0, "percent_statements_covered": 50.0, "percent_statements_covered_display": "50"}, "missing_lines": [81, 82], "excluded_lines": [], "start_line": 73}, "": {"executed_lines": [1, 2, 4, 7, 8, 25, 26, 38, 39, 60, 61, 72, 73], "summary": {"covered_lines": 13, "num_statements": 13, "percent_covered": 100.0, "percent_covered_display": "100", "missing_lines": 0, "excluded_lines": 0, "percent_statements_covered": 100.0, "percent_statements_covered_display": "100"}, "missing_lines": [], "excluded_lines": [], "start_line": 1}}, "classes": {"": {"executed_lines": [1, 2, 4, 7, 8, 14, 15, 18, 19, 25, 26, 31, 32, 33, 38, 39, 45, 46, 47, 48, 50, 51, 52, 53, 55, 60, 61, 66, 67, 72, 73, 79, 80], "summary": {"covered_lines": 33, "num_statements": 48, "percent_covered": 68.75, "percent_covered_display": "69", "missing_lines": 15, "excluded_lines": 0, "percent_statements_covered": 68.75, "percent_statements_covered_display": "69"}, "missing_lines": [16, 17, 20, 21, 22, 34, 35, 49, 54, 56, 57, 68, 69, 81, 82], "excluded_lines": [], "start_line": 1}}}, "game\\urls.py": {"executed_lines": [1, 2, 3, 5], "summary": {"covered_lines": 4, "num_statements": 4, "percent_covered": 100.0, "percent_covered_display": "100", "missing_lines": 0, "excluded_lines": 0, "percent_statements_covered": 100.0, "percent_statements_covered_display": "100"}, "missing_lines": [], "excluded_lines": [], "functions": {"": {"executed_lines": [1, 2, 3, 5], "summary": {"covered_lines": 4, "num_statements": 4, "percent_covered": 100.0, "percent_covered_display": "100", "missing_lines": 0, "excluded_lines": 0, "percent_statements_covered": 100.0, "percent_statements_covered_display": "100"}, "missing_lines": [], "excluded_lines": [], "start_line": 1}}, "classes": {"": {"executed_lines": [1, 2, 3, 5], "summary": {"covered_lines": 4, "num_statements": 4, "percent_covered": 100.0, "percent_covered_display": "100", "missing_lines": 0, "excluded_lines": 0, "percent_statements_covered": 100.0, "percent_statements_covered_display": "100"}, "missing_lines": [], "excluded_lines": [], "start_line": 1}}}, "game\\utils.py": {"executed_lines": [1, 3, 5, 8, 9, 11, 12, 15, 26, 27, 28, 29, 30, 34], "summary": {"covered_lines": 14, "num_statements": 14, "percent_covered": 100.0, "percent_covered_display": "100", "missing_lines": 0, "excluded_lines": 0, "percent_statements_covered": 100.0, "percent_statements_covered_display": "100"}, "missing_lines": [], "excluded_lines": [], "functions": {"roll_d20": {"executed_lines": [9], "summary": {"covered_lines": 1, "num_statements": 1, "percent_covered": 100.0, "percent_covered_display": "100", "missing_lines": 0, "excluded_lines": 0, "percent_statements_covered": 100.0, "percent_statements_covered_display": "100"}, "missing_lines": [], "excluded_lines": [], "start_line": 8}, "stat_modifier": {"executed_lines": [12], "summary": {"covered_lines": 1, "num_statements": 1, "percent_covered": 100.0, "percent_covered_display": "100", "missing_lines": 0, "excluded_lines": 0, "percent_statements_covered": 100.0, "percent_statements_covered_display": "100"}, "missing_lines": [], "excluded_lines": [], "start_line": 11}, "get_effective_stats": {"executed_lines": [26, 27, 28, 29, 30, 34], "summary": {"covered_lines": 6, "num_statements": 6, "percent_covered": 100.0, "percent_covered_display": "100", "missing_lines": 0, "excluded_lines": 0, "percent_statements_covered": 100.0, "percent_statements_covered_display": "100"}, "missing_lines": [], "excluded_lines": [], "start_line": 15}, "": {"executed_lines": [1, 3, 5, 8, 11, 15], "summary": {"covered_lines": 6, "num_statements": 6, "percent_covered": 100.0, "percent_covered_display": "100", "missing_lines": 0, "excluded_lines": 0, "percent_statements_covered": 100.0, "percent_statements_covered_display": "100"}, "missing_lines": [], "excluded_lines": [], "start_line": 1}}, "classes": {"": {"executed_lines": [1, 3, 5, 8, 9, 11, 12, 15, 26, 27, 28, 29, 30, 34], "summary": {"covered_lines": 14, "num_statements": 14, "percent_covered": 100.0, "percent_covered_display": "100", "missing_lines": 0, "excluded_lines": 0, "percent_statements_covered": 100.0, "percent_statements_covered_display": "100"}, "missing_lines": [], "excluded_lines": [], "start_line": 1}}}, "game\\views.py": {"executed_lines": [1, 2, 3, 5, 9, 10, 11, 12, 13, 18, 19, 20, 21, 22, 23, 24, 27, 28, 29, 30, 31, 32, 33, 34, 35, 36, 37, 38, 39, 40, 43, 44, 46, 47, 49, 50, 54, 57, 58, 59, 62, 63, 64, 66, 67, 69, 70, 71, 73, 75, 76, 77, 80, 81, 82, 98, 101, 102, 105, 106, 109, 110, 111, 112, 114, 116, 119, 123, 126, 128, 132, 133, 134, 135, 137, 138, 140, 141, 142, 144, 145, 147, 148, 149, 155, 159, 160, 163, 164, 167, 168, 170, 174, 175, 176, 178, 179, 180, 182, 183, 185, 186, 188, 189, 190, 194, 195, 198, 199, 202, 203, 206, 208, 209, 213, 216, 217, 219, 220, 221, 223, 224, 225, 227, 228, 229, 233, 234, 235, 236, 237, 241, 242, 247, 253, 254, 256, 258, 264, 269, 270, 271, 272, 273, 275, 276, 285, 286, 296, 302, 303, 306, 393, 394, 397, 398, 401, 403, 404, 408, 411, 412, 418, 421, 422, 425, 426, 429, 431, 432, 433, 434, 435, 437, 439, 440, 441, 443, 447, 450, 451, 454, 455, 458, 459, 461, 462, 463, 466, 467, 468, 469, 470, 479, 480, 482, 483, 484, 486, 490], "summary": {"covered_lines": 200, "num_statements": 281, "percent_covered": 71.17437722419929, "percent_covered_display": "71", "missing_lines": 81, "excluded_lines": 0, "percent_statements_covered": 71.17437722419929, "percent_statements_covered_display": "71"}, "missing_lines": [51, 52, 60, 103, 107, 120, 121, 127, 129, 156, 161, 165, 200, 204, 210, 211, 214, 259, 287, 288, 289, 307, 308, 310, 311, 312, 314, 316, 317, 318, 319, 321, 322, 324, 325, 326, 327, 329, 330, 331, 332, 334, 335, 336, 341, 346, 347, 348, 349, 350, 351, 352, 354, 355, 356, 361, 363, 364, 373, 374, 375, 376, 383, 389, 390, 395, 399, 405, 406, 409, 423, 427, 452, 456, 464, 472, 473, 474, 475, 476, 477], "excluded_lines": [], "functions": {"_htmx_response": {"executed_lines": [28, 29, 30, 31, 32, 33, 34, 35, 36, 37, 38, 39, 40], "summary": {"covered_lines": 13, "num_statements": 13, "percent_covered": 100.0, "percent_covered_display": "100", "missing_lines": 0, "excluded_lines": 0, "percent_statements_covered": 100.0, "percent_statements_covered_display": "100"}, "missing_lines": [], "excluded_lines": [], "start_line": 27}, "game_hub": {"executed_lines": [44, 46, 47, 49, 50, 54], "summary": {"covered_lines": 6, "num_statements": 8, "percent_covered": 75.0, "percent_covered_display": "75", "missing_lines": 2, "excluded_lines": 0, "percent_statements_covered": 75.0, "percent_statements_covered_display": "75"}, "missing_lines": [51, 52], "excluded_lines": [], "start_line": 43}, "scene_detail": {"executed_lines": [58, 59, 62, 63, 64, 66, 67, 69, 70, 71, 73, 75, 76, 77, 80, 81, 82, 98], "summary": {"covered_lines": 18, "num_statements": 19, "percent_covered": 94.73684210526316, "percent_covered_display": "95", "missing_lines": 1, "excluded_lines": 0, "percent_statements_covered": 94.73684210526316, "percent_statements_covered_display": "95"}, "missing_lines": [60], "excluded_lines": [], "start_line": 57}, "choice_resolve": {"executed_lines": [102, 105, 106, 109, 110, 111, 112, 114, 116, 119, 123, 126, 128, 132, 133, 134, 135, 137, 138, 140, 141, 142, 144, 145, 147, 148, 149, 155], "summary": {"covered_lines": 28, "num_statements": 35, "percent_covered": 80.0, "percent_covered_display": "80", "missing_lines": 7, "excluded_lines": 0, "percent_statements_covered": 80.0, "percent_statements_covered_display": "80"}, "missing_lines": [103, 107, 120, 121, 127, 129, 156], "excluded_lines": [], "start_line": 101}, "start_quest": {"executed_lines": [160, 163, 164, 167, 168, 170, 174, 175, 176, 178, 179, 180, 182, 183, 185, 186, 188, 189, 190, 194, 195], "summary": {"covered_lines": 21, "num_statements": 23, "percent_covered": 91.30434782608695, "percent_covered_display": "91", "missing_lines": 2, "excluded_lines": 0, "percent_statements_covered": 91.30434782608695, "percent_statements_covered_display": "91"}, "missing_lines": [161, 165], "excluded_lines": [], "start_line": 159}, "combat_attack": {"executed_lines": [199, 202, 203, 206, 208, 209, 213, 216, 217, 219, 220, 221, 223, 224, 225, 227, 228, 229, 233, 234, 235, 236, 237, 241, 242, 247, 253, 254, 256, 258, 264, 269, 270, 271, 272, 273, 275, 276, 285, 286, 296, 302, 303], "summary": {"covered_lines": 43, "num_statements": 52, "percent_covered": 82.6923076923077, "percent_covered_display": "83", "missing_lines": 9, "excluded_lines": 0, "percent_statements_covered": 82.6923076923077, "percent_statements_covered_display": "83"}, "missing_lines": [200, 204, 210, 211, 214, 259, 287, 288, 289], "excluded_lines": [], "start_line": 198}, "combat_resolve_enemy": {"executed_lines": [], "summary": {"covered_lines": 0, "num_statements": 44, "percent_covered": 0.0, "percent_covered_display": "0", "missing_lines": 44, "excluded_lines": 0, "percent_statements_covered": 0.0, "percent_statements_covered_display": "0"}, "missing_lines": [307, 308, 310, 311, 312, 314, 316, 317, 318, 319, 321, 322, 324, 325, 326, 327, 329, 330, 331, 332, 334, 335, 336, 341, 346, 347, 348, 349, 350, 351, 352, 354, 355, 356, 361, 363, 364, 373, 374, 375, 376, 383, 389, 390], "excluded_lines": [], "start_line": 306}, "combat_continue": {"executed_lines": [394, 397, 398, 401, 403, 404, 408, 411, 412, 418], "summary": {"covered_lines": 10, "num_statements": 15, "percent_covered": 66.66666666666667, "percent_covered_display": "67", "missing_lines": 5, "excluded_lines": 0, "percent_statements_covered": 66.66666666666667, "percent_statements_covered_display": "67"}, "missing_lines": [395, 399, 405, 406, 409], "excluded_lines": [], "start_line": 393}, "level_up": {"executed_lines": [422, 425, 426, 429, 431, 432, 433, 434, 435, 437, 439, 440, 441, 443, 447], "summary": {"covered_lines": 15, "num_statements": 17, "percent_covered": 88.23529411764706, "percent_covered_display": "88", "missing_lines": 2, "excluded_lines": 0, "percent_statements_covered": 88.23529411764706, "percent_statements_covered_display": "88"}, "missing_lines": [423, 427], "excluded_lines": [], "start_line": 421}, "use_item": {"executed_lines": [451, 454, 455, 458, 459, 461, 462, 463, 466, 467, 468, 469, 470, 479, 480, 482, 483, 484, 486, 490], "summary": {"covered_lines": 20, "num_statements": 29, "percent_covered": 68.96551724137932, "percent_covered_display": "69", "missing_lines": 9, "excluded_lines": 0, "percent_statements_covered": 68.96551724137932, "percent_statements_covered_display": "69"}, "missing_lines": [452, 456, 464, 472, 473, 474, 475, 476, 477], "excluded_lines": [], "start_line": 450}, "": {"executed_lines": [1, 2, 3, 5, 9, 10, 11, 12, 13, 18, 19, 20, 21, 22, 23, 24, 27, 43, 57, 101, 159, 198, 306, 393, 421, 450], "summary": {"covered_lines": 26, "num_statements": 26, "percent_covered": 100.0, "percent_covered_display": "100", "missing_lines": 0, "excluded_lines": 0, "percent_statements_covered": 100.0, "percent_statements_covered_display": "100"}, "missing_lines": [], "excluded_lines": [], "start_line": 1}}, "classes": {"": {"executed_lines": [1, 2, 3, 5, 9, 10, 11, 12, 13, 18, 19, 20, 21, 22, 23, 24, 27, 28, 29, 30, 31, 32, 33, 34, 35, 36, 37, 38, 39, 40, 43, 44, 46, 47, 49, 50, 54, 57, 58, 59, 62, 63, 64, 66, 67, 69, 70, 71, 73, 75, 76, 77, 80, 81, 82, 98, 101, 102, 105, 106, 109, 110, 111, 112, 114, 116, 119, 123, 126, 128, 132, 133, 134, 135, 137, 138, 140, 141, 142, 144, 145, 147, 148, 149, 155, 159, 160, 163, 164, 167, 168, 170, 174, 175, 176, 178, 179, 180, 182, 183, 185, 186, 188, 189, 190, 194, 195, 198, 199, 202, 203, 206, 208, 209, 213, 216, 217, 219, 220, 221, 223, 224, 225, 227, 228, 229, 233, 234, 235, 236, 237, 241, 242, 247, 253, 254, 256, 258, 264, 269, 270, 271, 272, 273, 275, 276, 285, 286, 296, 302, 303, 306, 393, 394, 397, 398, 401, 403, 404, 408, 411, 412, 418, 421, 422, 425, 426, 429, 431, 432, 433, 434, 435, 437, 439, 440, 441, 443, 447, 450, 451, 454, 455, 458, 459, 461, 462, 463, 466, 467, 468, 469, 470, 479, 480, 482, 483, 484, 486, 490], "summary": {"covered_lines": 200, "num_statements": 281, "percent_covered": 71.17437722419929, "percent_covered_display": "71", "missing_lines": 81, "excluded_lines": 0, "percent_statements_covered": 71.17437722419929, "percent_statements_covered_display": "71"}, "missing_lines": [51, 52, 60, 103, 107, 120, 121, 127, 129, 156, 161, 165, 200, 204, 210, 211, 214, 259, 287, 288, 289, 307, 308, 310, 311, 312, 314, 316, 317, 318, 319, 321, 322, 324, 325, 326, 327, 329, 330, 331, 332, 334, 335, 336, 341, 346, 347, 348, 349, 350, 351, 352, 354, 355, 356, 361, 363, 364, 373, 374, 375, 376, 383, 389, 390, 395, 399, 405, 406, 409, 423, 427, 452, 456, 464, 472, 473, 474, 475, 476, 477], "excluded_lines": [], "start_line": 1}}}}, "totals": {"covered_lines": 1343, "num_statements": 2036, "percent_covered": 65.96267190569745, "percent_covered_display": "66", "missing_lines": 693, "excluded_lines": 0, "percent_statements_covered": 65.96267190569745, "percent_statements_covered_display": "66"}}